{"/Users/markeltskhadadze/Desktop/test/gpt-test/components/ChatWidget.vue": {"path":"/Users/markeltskhadadze/Desktop/test/gpt-test/components/ChatWidget.vue","statementMap":{"0":{"start":{"line":11,"column":4},"end":{"line":11,"column":15}},"1":{"start":{"line":17,"column":23},"end":{"line":17,"column":37}},"2":{"start":{"line":18,"column":23},"end":{"line":29,"column":5}},"3":{"start":{"line":24,"column":8},"end":{"line":24,"column":22}},"4":{"start":{"line":27,"column":8},"end":{"line":27,"column":28}},"5":{"start":{"line":30,"column":4},"end":{"line":33,"column":7}},"6":{"start":{"line":34,"column":4},"end":{"line":34,"column":24}},"7":{"start":{"line":38,"column":0},"end":{"line":38,"column":62}},"8":{"start":{"line":39,"column":0},"end":{"line":39,"column":24}},"9":{"start":{"line":40,"column":12},"end":{"line":40,"column":26}},"10":{"start":{"line":41,"column":17},"end":{"line":41,"column":34}},"11":{"start":{"line":43,"column":4},"end":{"line":46,"column":8}},"12":{"start":{"line":48,"column":0},"end":{"line":48,"column":24}},"13":{"start":{"line":49,"column":1},"end":{"line":49,"column":48}}},"fnMap":{"0":{"name":"setup","decl":{"start":{"line":8,"column":18},"end":{"line":8,"column":23}},"loc":{"start":{"line":8,"column":39},"end":{"line":35,"column":3}},"line":8},"1":{"name":"(anonymous_1)","decl":{"start":{"line":23,"column":6},"end":{"line":23,"column":7}},"loc":{"start":{"line":23,"column":19},"end":{"line":25,"column":7}},"line":23},"2":{"name":"(anonymous_2)","decl":{"start":{"line":26,"column":6},"end":{"line":26,"column":7}},"loc":{"start":{"line":26,"column":25},"end":{"line":28,"column":7}},"line":26},"3":{"name":"render","decl":{"start":{"line":42,"column":9},"end":{"line":42,"column":15}},"loc":{"start":{"line":42,"column":63},"end":{"line":47,"column":1}},"line":42}},"branchMap":{},"s":{"0":0,"1":0,"2":0,"3":0,"4":0,"5":0,"6":0,"7":0,"8":0,"9":0,"10":0,"11":0,"12":0,"13":0},"f":{"0":0,"1":0,"2":0,"3":0},"b":{},"inputSourceMap":{"0":"{","1":"\"","2":"v","3":"e","4":"r","5":"s","6":"i","7":"o","8":"n","9":"\"","10":":","11":"3","12":",","13":"\"","14":"s","15":"o","16":"u","17":"r","18":"c","19":"e","20":"s","21":"\"","22":":","23":"[","24":"\"","25":"/","26":"U","27":"s","28":"e","29":"r","30":"s","31":"/","32":"m","33":"a","34":"r","35":"k","36":"e","37":"l","38":"t","39":"s","40":"k","41":"h","42":"a","43":"d","44":"a","45":"d","46":"z","47":"e","48":"/","49":"D","50":"e","51":"s","52":"k","53":"t","54":"o","55":"p","56":"/","57":"t","58":"e","59":"s","60":"t","61":"/","62":"g","63":"p","64":"t","65":"-","66":"t","67":"e","68":"s","69":"t","70":"/","71":"c","72":"o","73":"m","74":"p","75":"o","76":"n","77":"e","78":"n","79":"t","80":"s","81":"/","82":"C","83":"h","84":"a","85":"t","86":"W","87":"i","88":"d","89":"g","90":"e","91":"t","92":".","93":"v","94":"u","95":"e","96":"\"","97":"]","98":",","99":"\"","100":"n","101":"a","102":"m","103":"e","104":"s","105":"\"","106":":","107":"[","108":"]","109":",","110":"\"","111":"m","112":"a","113":"p","114":"p","115":"i","116":"n","117":"g","118":"s","119":"\"","120":":","121":"\"","122":"A","123":"A","124":"Q","125":"A","126":",","127":"O","128":"A","129":"A","130":"O","131":",","132":"W","133":"A","134":"A","135":"W","136":",","137":"M","138":"A","139":"A","140":"M","141":",","142":"o","143":"C","144":"A","145":"A","146":"o","147":"C","148":";","149":"A","150":"A","151":"C","152":"1","153":"D","154":",","155":"O","156":"A","157":"A","158":"O","159":",","160":"k","161":"B","162":"A","163":"A","164":"k","165":"B","166":",","167":"M","168":"A","169":"A","170":"M","171":",","172":"2","173":"C","174":"A","175":"A","176":"2","177":"C","178":";","179":"A","180":"A","181":"C","182":"1","183":"E","184":",","185":"S","186":"A","187":"A","188":"S","189":",","190":"M","191":"A","192":"A","193":"M","194":",","195":"Q","196":"A","197":"A","198":"Q","199":",","200":"u","201":"B","202":"A","203":"A","204":"u","205":"B","206":";","207":"A","208":"A","209":"C","210":"9","211":"C","212":",","213":"S","214":"A","215":"A","216":"S","217":",","218":"Y","219":"A","220":"A","221":"Y","222":",","223":"Q","224":"A","225":"A","226":"Q","227":",","228":"m","229":"B","230":"A","231":"A","232":"m","233":"B","234":";","235":";","236":";","237":";","238":";","239":";","240":";","241":";","242":"I","243":"A","244":"E","245":"h","246":"D","247":";","248":"M","249":"A","250":"A","251":"A","252":";","253":"M","254":"A","255":"A","256":"A","257":",","258":"g","259":"B","260":"A","261":"A","262":"w","263":"B","264":",","265":"M","266":"A","267":"A","268":"M","269":",","270":"C","271":"A","272":"A","273":"C","274":",","275":"K","276":"A","277":"A","278":"K","279":",","280":"C","281":"A","282":"A","283":"C","284":",","285":"C","286":"A","287":"A","288":"C","289":";","290":"M","291":"A","292":"A","293":"A","294":";","295":"M","296":"A","297":"A","298":"9","299":"B","300":",","301":"W","302":"A","303":"A","304":"W","305":",","306":"i","307":"B","308":"A","309":"A","310":"X","311":",","312":"W","313":"A","314":"A","315":"W","316":";","317":"I","318":"A","319":"C","320":"n","321":"B","322":",","323":"I","324":"A","325":"A","326":"M","327":",","328":"Y","329":"A","330":"A","331":"Y","332":",","333":"G","334":"A","335":"A","336":"G","337":",","338":"Y","339":"A","340":"A","341":"Y","342":",","343":"C","344":"A","345":"A","346":"C","347":",","348":"C","349":"A","350":"A","351":"C","352":"\"","353":",","354":"\"","355":"f","356":"i","357":"l","358":"e","359":"\"","360":":","361":"\"","362":"/","363":"U","364":"s","365":"e","366":"r","367":"s","368":"/","369":"m","370":"a","371":"r","372":"k","373":"e","374":"l","375":"t","376":"s","377":"k","378":"h","379":"a","380":"d","381":"a","382":"d","383":"z","384":"e","385":"/","386":"D","387":"e","388":"s","389":"k","390":"t","391":"o","392":"p","393":"/","394":"t","395":"e","396":"s","397":"t","398":"/","399":"g","400":"p","401":"t","402":"-","403":"t","404":"e","405":"s","406":"t","407":"/","408":"c","409":"o","410":"m","411":"p","412":"o","413":"n","414":"e","415":"n","416":"t","417":"s","418":"/","419":"C","420":"h","421":"a","422":"t","423":"W","424":"i","425":"d","426":"g","427":"e","428":"t","429":".","430":"v","431":"u","432":"e","433":"\"","434":",","435":"\"","436":"s","437":"o","438":"u","439":"r","440":"c","441":"e","442":"s","443":"C","444":"o","445":"n","446":"t","447":"e","448":"n","449":"t","450":"\"","451":":","452":"[","453":"\"","454":"<","455":"t","456":"e","457":"m","458":"p","459":"l","460":"a","461":"t","462":"e","463":">","464":"\\","465":"n","466":" ","467":" ","468":"<","469":"d","470":"i","471":"v","472":" ","473":"c","474":"l","475":"a","476":"s","477":"s","478":"=","479":"\\","480":"\"","481":"f","482":"l","483":"e","484":"x","485":"\\","486":"\"","487":">","488":"\\","489":"n","490":" ","491":" ","492":" ","493":" ","494":"<","495":"C","496":"h","497":"a","498":"t","499":"S","500":"i","501":"d","502":"e","503":"N","504":"a","505":"v","506":" ","507":"/","508":">","509":"\\","510":"n","511":" ","512":" ","513":" ","514":" ","515":"<","516":"C","517":"h","518":"a","519":"t","520":"M","521":"e","522":"s","523":"s","524":"a","525":"g","526":"e","527":"C","528":"o","529":"n","530":"t","531":"e","532":"n","533":"t","534":" ","535":"/","536":">","537":"\\","538":"n","539":" ","540":" ","541":"<","542":"/","543":"d","544":"i","545":"v","546":">","547":"\\","548":"n","549":"<","550":"/","551":"t","552":"e","553":"m","554":"p","555":"l","556":"a","557":"t","558":"e","559":">","560":"\\","561":"n","562":"\\","563":"n","564":"<","565":"s","566":"c","567":"r","568":"i","569":"p","570":"t","571":" ","572":"s","573":"e","574":"t","575":"u","576":"p","577":">","578":"\\","579":"n","580":" ","581":" ","582":"i","583":"m","584":"p","585":"o","586":"r","587":"t","588":" ","589":"C","590":"h","591":"a","592":"t","593":"S","594":"i","595":"d","596":"e","597":"N","598":"a","599":"v","600":" ","601":"f","602":"r","603":"o","604":"m","605":" ","606":"'","607":"~","608":"/","609":"c","610":"o","611":"m","612":"p","613":"o","614":"n","615":"e","616":"n","617":"t","618":"s","619":"/","620":"p","621":"a","622":"r","623":"t","624":"s","625":"/","626":"C","627":"h","628":"a","629":"t","630":"S","631":"i","632":"d","633":"e","634":"N","635":"a","636":"v","637":".","638":"v","639":"u","640":"e","641":"'","642":"\\","643":"n","644":" ","645":" ","646":"i","647":"m","648":"p","649":"o","650":"r","651":"t","652":" ","653":"C","654":"h","655":"a","656":"t","657":"M","658":"e","659":"s","660":"s","661":"a","662":"g","663":"e","664":"C","665":"o","666":"n","667":"t","668":"e","669":"n","670":"t","671":" ","672":"f","673":"r","674":"o","675":"m","676":" ","677":"'","678":"~","679":"/","680":"c","681":"o","682":"m","683":"p","684":"o","685":"n","686":"e","687":"n","688":"t","689":"s","690":"/","691":"p","692":"a","693":"r","694":"t","695":"s","696":"/","697":"C","698":"h","699":"a","700":"t","701":"M","702":"e","703":"s","704":"s","705":"a","706":"g","707":"e","708":"C","709":"o","710":"n","711":"t","712":"e","713":"n","714":"t","715":".","716":"v","717":"u","718":"e","719":"'","720":"\\","721":"n","722":" ","723":" ","724":"i","725":"m","726":"p","727":"o","728":"r","729":"t","730":" ","731":"{","732":" ","733":"s","734":"c","735":"r","736":"e","737":"e","738":"n","739":" ","740":"}","741":" ","742":"f","743":"r","744":"o","745":"m","746":" ","747":"'","748":"~","749":"/","750":"m","751":"i","752":"x","753":"i","754":"n","755":"s","756":"/","757":"c","758":"h","759":"e","760":"c","761":"k","762":"-","763":"s","764":"c","765":"r","766":"e","767":"e","768":"n","769":"'","770":"\\","771":"n","772":" ","773":" ","774":"i","775":"m","776":"p","777":"o","778":"r","779":"t","780":" ","781":"{","782":" ","783":"c","784":"h","785":"a","786":"t","787":"M","788":"e","789":"s","790":"s","791":"a","792":"g","793":"e","794":"s","795":" ","796":"}","797":" ","798":"f","799":"r","800":"o","801":"m","802":" ","803":"'","804":"~","805":"/","806":"s","807":"t","808":"o","809":"r","810":"e","811":"s","812":"/","813":"m","814":"e","815":"s","816":"s","817":"a","818":"g","819":"e","820":"s","821":"'","822":"\\","823":"n","824":"\\","825":"n","826":" ","827":" ","828":"c","829":"o","830":"n","831":"s","832":"t","833":" ","834":"{","835":" ","836":"c","837":"h","838":"e","839":"c","840":"k","841":"S","842":"c","843":"r","844":"e","845":"e","846":"n","847":" ","848":"}","849":" ","850":"=","851":" ","852":"s","853":"c","854":"r","855":"e","856":"e","857":"n","858":".","859":"s","860":"e","861":"t","862":"u","863":"p","864":"(","865":")","866":"\\","867":"n","868":" ","869":" ","870":"c","871":"o","872":"n","873":"s","874":"t","875":" ","876":"u","877":"s","878":"e","879":"r","880":"M","881":"e","882":"s","883":"s","884":"a","885":"g","886":"e","887":"s","888":" ","889":"=","890":" ","891":"c","892":"h","893":"a","894":"t","895":"M","896":"e","897":"s","898":"s","899":"a","900":"g","901":"e","902":"s","903":"(","904":")","905":"\\","906":"n","907":"<","908":"/","909":"s","910":"c","911":"r","912":"i","913":"p","914":"t","915":">","916":"\\","917":"n","918":"\\","919":"n","920":"<","921":"s","922":"t","923":"y","924":"l","925":"e","926":" ","927":"s","928":"c","929":"o","930":"p","931":"e","932":"d","933":">","934":"\\","935":"n","936":".","937":"m","938":"e","939":"s","940":"s","941":"a","942":"g","943":"e","944":"-","945":"c","946":"o","947":"n","948":"t","949":"a","950":"i","951":"n","952":"e","953":"r","954":" ","955":"{","956":"\\","957":"n","958":" ","959":" ","960":"f","961":"l","962":"e","963":"x","964":":","965":" ","966":"1","967":" ","968":"0","969":" ","970":"8","971":"0","972":"%","973":";","974":"\\","975":"n","976":" ","977":" ","978":"b","979":"a","980":"c","981":"k","982":"g","983":"r","984":"o","985":"u","986":"n","987":"d","988":":","989":" ","990":"#","991":"2","992":"1","993":"2","994":"1","995":"2","996":"1","997":";","998":"\\","999":"n","1000":"}","1001":"\\","1002":"n","1003":"<","1004":"/","1005":"s","1006":"t","1007":"y","1008":"l","1009":"e","1010":">","1011":"\"","1012":"]","1013":"}"}}
,"/Users/markeltskhadadze/Desktop/test/gpt-test/components/parts/ChatMessageContent.vue": {"path":"/Users/markeltskhadadze/Desktop/test/gpt-test/components/parts/ChatMessageContent.vue","statementMap":{"0":{"start":{"line":3,"column":22},"end":{"line":7,"column":1}},"1":{"start":{"line":4,"column":2},"end":{"line":6,"column":4}},"2":{"start":{"line":8,"column":0},"end":{"line":10,"column":3}},"3":{"start":{"line":11,"column":12},"end":{"line":11,"column":26}},"4":{"start":{"line":12,"column":26},"end":{"line":12,"column":90}},"5":{"start":{"line":13,"column":31},"end":{"line":13,"column":100}},"6":{"start":{"line":14,"column":17},"end":{"line":14,"column":45}},"7":{"start":{"line":15,"column":21},"end":{"line":15,"column":53}},"8":{"start":{"line":16,"column":0},"end":{"line":43,"column":3}},"9":{"start":{"line":23,"column":19},"end":{"line":23,"column":28}},"10":{"start":{"line":24,"column":4},"end":{"line":24,"column":15}},"11":{"start":{"line":25,"column":23},"end":{"line":25,"column":53}},"12":{"start":{"line":26,"column":22},"end":{"line":26,"column":63}},"13":{"start":{"line":27,"column":23},"end":{"line":36,"column":5}},"14":{"start":{"line":37,"column":4},"end":{"line":40,"column":7}},"15":{"start":{"line":41,"column":4},"end":{"line":41,"column":24}},"16":{"start":{"line":45,"column":0},"end":{"line":45,"column":62}},"17":{"start":{"line":46,"column":0},"end":{"line":46,"column":24}},"18":{"start":{"line":47,"column":12},"end":{"line":47,"column":26}},"19":{"start":{"line":48,"column":24},"end":{"line":48,"column":63}},"20":{"start":{"line":49,"column":23},"end":{"line":49,"column":61}},"21":{"start":{"line":50,"column":17},"end":{"line":50,"column":47}},"22":{"start":{"line":51,"column":31},"end":{"line":55,"column":26}},"23":{"start":{"line":56,"column":17},"end":{"line":56,"column":45}},"24":{"start":{"line":57,"column":17},"end":{"line":57,"column":42}},"25":{"start":{"line":58,"column":17},"end":{"line":58,"column":42}},"26":{"start":{"line":59,"column":17},"end":{"line":59,"column":38}},"27":{"start":{"line":60,"column":31},"end":{"line":60,"column":182}},"28":{"start":{"line":62,"column":4},"end":{"line":128,"column":8}},"29":{"start":{"line":64,"column":67},"end":{"line":64,"column":155}},"30":{"start":{"line":73,"column":20},"end":{"line":82,"column":24}},"31":{"start":{"line":95,"column":89},"end":{"line":95,"column":141}},"32":{"start":{"line":100,"column":35},"end":{"line":100,"column":37}},"33":{"start":{"line":101,"column":24},"end":{"line":103,"column":25}},"34":{"start":{"line":101,"column":38},"end":{"line":101,"column":39}},"35":{"start":{"line":102,"column":28},"end":{"line":102,"column":53}},"36":{"start":{"line":104,"column":24},"end":{"line":104,"column":123}},"37":{"start":{"line":118,"column":39},"end":{"line":118,"column":41}},"38":{"start":{"line":119,"column":28},"end":{"line":121,"column":29}},"39":{"start":{"line":119,"column":42},"end":{"line":119,"column":43}},"40":{"start":{"line":120,"column":32},"end":{"line":120,"column":57}},"41":{"start":{"line":122,"column":28},"end":{"line":122,"column":127}},"42":{"start":{"line":130,"column":0},"end":{"line":130,"column":24}},"43":{"start":{"line":131,"column":1},"end":{"line":131,"column":48}}},"fnMap":{"0":{"name":"(anonymous_0)","decl":{"start":{"line":3,"column":54},"end":{"line":3,"column":55}},"loc":{"start":{"line":3,"column":69},"end":{"line":7,"column":1}},"line":3},"1":{"name":"setup","decl":{"start":{"line":22,"column":2},"end":{"line":22,"column":7}},"loc":{"start":{"line":22,"column":21},"end":{"line":42,"column":3}},"line":22},"2":{"name":"render","decl":{"start":{"line":61,"column":9},"end":{"line":61,"column":15}},"loc":{"start":{"line":61,"column":63},"end":{"line":129,"column":1}},"line":61},"3":{"name":"(anonymous_3)","decl":{"start":{"line":64,"column":47},"end":{"line":64,"column":48}},"loc":{"start":{"line":64,"column":65},"end":{"line":64,"column":157}},"line":64},"4":{"name":"(anonymous_4)","decl":{"start":{"line":72,"column":150},"end":{"line":72,"column":151}},"loc":{"start":{"line":72,"column":173},"end":{"line":83,"column":17}},"line":72},"5":{"name":"(anonymous_5)","decl":{"start":{"line":95,"column":69},"end":{"line":95,"column":70}},"loc":{"start":{"line":95,"column":87},"end":{"line":95,"column":143}},"line":95},"6":{"name":"(anonymous_6)","decl":{"start":{"line":98,"column":20},"end":{"line":98,"column":21}},"loc":{"start":{"line":98,"column":32},"end":{"line":105,"column":21}},"line":98},"7":{"name":"(anonymous_7)","decl":{"start":{"line":116,"column":24},"end":{"line":116,"column":25}},"loc":{"start":{"line":116,"column":36},"end":{"line":123,"column":25}},"line":116}},"branchMap":{"0":{"loc":{"start":{"line":3,"column":22},"end":{"line":7,"column":1}},"type":"binary-expr","locations":[{"start":{"line":3,"column":22},"end":{"line":3,"column":26}},{"start":{"line":3,"column":30},"end":{"line":3,"column":50}},{"start":{"line":3,"column":54},"end":{"line":7,"column":1}}],"line":3},"1":{"loc":{"start":{"line":4,"column":9},"end":{"line":6,"column":3}},"type":"cond-expr","locations":[{"start":{"line":4,"column":33},"end":{"line":4,"column":36}},{"start":{"line":4,"column":39},"end":{"line":6,"column":3}}],"line":4},"2":{"loc":{"start":{"line":4,"column":9},"end":{"line":4,"column":30}},"type":"binary-expr","locations":[{"start":{"line":4,"column":9},"end":{"line":4,"column":12}},{"start":{"line":4,"column":16},"end":{"line":4,"column":30}}],"line":4},"3":{"loc":{"start":{"line":64,"column":21},"end":{"line":64,"column":158}},"type":"binary-expr","locations":[{"start":{"line":64,"column":21},"end":{"line":64,"column":30}},{"start":{"line":64,"column":35},"end":{"line":64,"column":157}}],"line":64},"4":{"loc":{"start":{"line":89,"column":12},"end":{"line":91,"column":61}},"type":"cond-expr","locations":[{"start":{"line":90,"column":19},"end":{"line":90,"column":107}},{"start":{"line":91,"column":18},"end":{"line":91,"column":61}}],"line":89},"5":{"loc":{"start":{"line":95,"column":43},"end":{"line":95,"column":144}},"type":"binary-expr","locations":[{"start":{"line":95,"column":43},"end":{"line":95,"column":52}},{"start":{"line":95,"column":57},"end":{"line":95,"column":143}}],"line":95},"6":{"loc":{"start":{"line":96,"column":29},"end":{"line":105,"column":34}},"type":"binary-expr","locations":[{"start":{"line":96,"column":29},"end":{"line":96,"column":38}},{"start":{"line":96,"column":43},"end":{"line":105,"column":33}}],"line":96},"7":{"loc":{"start":{"line":104,"column":32},"end":{"line":104,"column":121}},"type":"binary-expr","locations":[{"start":{"line":104,"column":32},"end":{"line":104,"column":63}},{"start":{"line":104,"column":67},"end":{"line":104,"column":121}}],"line":104},"8":{"loc":{"start":{"line":111,"column":69},"end":{"line":111,"column":125}},"type":"cond-expr","locations":[{"start":{"line":111,"column":104},"end":{"line":111,"column":113}},{"start":{"line":111,"column":116},"end":{"line":111,"column":125}}],"line":111},"9":{"loc":{"start":{"line":114,"column":29},"end":{"line":123,"column":26}},"type":"binary-expr","locations":[{"start":{"line":114,"column":29},"end":{"line":114,"column":38}},{"start":{"line":114,"column":43},"end":{"line":123,"column":25}}],"line":114},"10":{"loc":{"start":{"line":122,"column":36},"end":{"line":122,"column":125}},"type":"binary-expr","locations":[{"start":{"line":122,"column":36},"end":{"line":122,"column":67}},{"start":{"line":122,"column":71},"end":{"line":122,"column":125}}],"line":122}},"s":{"0":0,"1":0,"2":0,"3":0,"4":0,"5":0,"6":0,"7":0,"8":0,"9":0,"10":0,"11":0,"12":0,"13":0,"14":0,"15":0,"16":0,"17":0,"18":0,"19":0,"20":0,"21":0,"22":0,"23":0,"24":0,"25":0,"26":0,"27":0,"28":0,"29":0,"30":0,"31":0,"32":0,"33":0,"34":0,"35":0,"36":0,"37":0,"38":0,"39":0,"40":0,"41":0,"42":0,"43":0},"f":{"0":0,"1":0,"2":0,"3":0,"4":0,"5":0,"6":0,"7":0},"b":{"0":[0,0,0],"1":[0,0],"2":[0,0],"3":[0,0],"4":[0,0],"5":[0,0],"6":[0,0],"7":[0,0],"8":[0,0],"9":[0,0],"10":[0,0]},"inputSourceMap":{"0":"{","1":"\"","2":"v","3":"e","4":"r","5":"s","6":"i","7":"o","8":"n","9":"\"","10":":","11":"3","12":",","13":"\"","14":"s","15":"o","16":"u","17":"r","18":"c","19":"e","20":"s","21":"\"","22":":","23":"[","24":"\"","25":"/","26":"U","27":"s","28":"e","29":"r","30":"s","31":"/","32":"m","33":"a","34":"r","35":"k","36":"e","37":"l","38":"t","39":"s","40":"k","41":"h","42":"a","43":"d","44":"a","45":"d","46":"z","47":"e","48":"/","49":"D","50":"e","51":"s","52":"k","53":"t","54":"o","55":"p","56":"/","57":"t","58":"e","59":"s","60":"t","61":"/","62":"g","63":"p","64":"t","65":"-","66":"t","67":"e","68":"s","69":"t","70":"/","71":"c","72":"o","73":"m","74":"p","75":"o","76":"n","77":"e","78":"n","79":"t","80":"s","81":"/","82":"p","83":"a","84":"r","85":"t","86":"s","87":"/","88":"C","89":"h","90":"a","91":"t","92":"M","93":"e","94":"s","95":"s","96":"a","97":"g","98":"e","99":"C","100":"o","101":"n","102":"t","103":"e","104":"n","105":"t","106":".","107":"v","108":"u","109":"e","110":"\"","111":"]","112":",","113":"\"","114":"n","115":"a","116":"m","117":"e","118":"s","119":"\"","120":":","121":"[","122":"]","123":",","124":"\"","125":"m","126":"a","127":"p","128":"p","129":"i","130":"n","131":"g","132":"s","133":"\"","134":":","135":"\"","136":";","137":";","138":";","139":";","140":";","141":";","142":";","143":";","144":";","145":";","146":";","147":"A","148":"A","149":"q","150":"D","151":"A","152":";","153":"A","154":"A","155":"C","156":"E","157":";","158":"A","159":"A","160":"C","161":"A","162":";","163":"A","164":"A","165":"C","166":"A","167":";","168":";","169":";","170":";","171":";","172":";","173":";","174":";","175":";","176":";","177":"I","178":"A","179":"E","180":"A","181":",","182":"I","183":"A","184":"A","185":"M","186":",","187":"Y","188":"A","189":"A","190":"Y","191":",","192":"G","193":"A","194":"A","195":"G","196":",","197":"2","198":"B","199":"A","200":"A","201":"Y","202":",","203":"G","204":"A","205":"A","206":"E","207":";","208":"I","209":"A","210":"C","211":"3","212":"B","213":",","214":"e","215":"A","216":"A","217":"W","218":",","219":"G","220":"A","221":"A","222":"K","223":",","224":"q","225":"B","226":"A","227":"A","228":"M","229":",","230":"C","231":"A","232":"A","233":"C","234":",","235":"K","236":"A","237":"A","238":"K","239":",","240":"E","241":"A","242":"A","243":"E","244":",","245":"Y","246":"A","247":"A","248":"n","249":"B","250":"\"","251":",","252":"\"","253":"f","254":"i","255":"l","256":"e","257":"\"","258":":","259":"\"","260":"/","261":"U","262":"s","263":"e","264":"r","265":"s","266":"/","267":"m","268":"a","269":"r","270":"k","271":"e","272":"l","273":"t","274":"s","275":"k","276":"h","277":"a","278":"d","279":"a","280":"d","281":"z","282":"e","283":"/","284":"D","285":"e","286":"s","287":"k","288":"t","289":"o","290":"p","291":"/","292":"t","293":"e","294":"s","295":"t","296":"/","297":"g","298":"p","299":"t","300":"-","301":"t","302":"e","303":"s","304":"t","305":"/","306":"c","307":"o","308":"m","309":"p","310":"o","311":"n","312":"e","313":"n","314":"t","315":"s","316":"/","317":"p","318":"a","319":"r","320":"t","321":"s","322":"/","323":"C","324":"h","325":"a","326":"t","327":"M","328":"e","329":"s","330":"s","331":"a","332":"g","333":"e","334":"C","335":"o","336":"n","337":"t","338":"e","339":"n","340":"t","341":".","342":"v","343":"u","344":"e","345":"\"","346":",","347":"\"","348":"s","349":"o","350":"u","351":"r","352":"c","353":"e","354":"s","355":"C","356":"o","357":"n","358":"t","359":"e","360":"n","361":"t","362":"\"","363":":","364":"[","365":"\"","366":"<","367":"t","368":"e","369":"m","370":"p","371":"l","372":"a","373":"t","374":"e","375":">","376":"\\","377":"n","378":" ","379":" ","380":"<","381":"d","382":"i","383":"v","384":" ","385":"c","386":"l","387":"a","388":"s","389":"s","390":"=","391":"\\","392":"\"","393":"m","394":"e","395":"s","396":"s","397":"a","398":"g","399":"e","400":"-","401":"c","402":"o","403":"n","404":"t","405":"a","406":"i","407":"n","408":"e","409":"r","410":"\\","411":"\"","412":">","413":"\\","414":"n","415":" ","416":" ","417":" ","418":" ","419":"<","420":"d","421":"i","422":"v","423":"\\","424":"n","425":" ","426":" ","427":" ","428":" ","429":" ","430":" ","431":" ","432":" ","433":"@","434":"c","435":"l","436":"i","437":"c","438":"k","439":"=","440":"\\","441":"\"","442":"u","443":"s","444":"e","445":"r","446":"M","447":"e","448":"s","449":"s","450":"a","451":"g","452":"e","453":"s","454":".","455":"s","456":"h","457":"o","458":"w","459":"M","460":"o","461":"b","462":"i","463":"l","464":"e","465":"S","466":"i","467":"d","468":"e","469":"N","470":"a","471":"v","472":" ","473":"=","474":" ","475":"!","476":"u","477":"s","478":"e","479":"r","480":"M","481":"e","482":"s","483":"s","484":"a","485":"g","486":"e","487":"s","488":".","489":"s","490":"h","491":"o","492":"w","493":"M","494":"o","495":"b","496":"i","497":"l","498":"e","499":"S","500":"i","501":"d","502":"e","503":"N","504":"a","505":"v","506":"\\","507":"\"","508":"\\","509":"n","510":" ","511":" ","512":" ","513":" ","514":" ","515":" ","516":" ","517":" ","518":"c","519":"l","520":"a","521":"s","522":"s","523":"=","524":"\\","525":"\"","526":"h","527":"i","528":"d","529":"e","530":"-","531":"s","532":"i","533":"d","534":"e","535":"-","536":"n","537":"a","538":"v","539":"\\","540":"\"","541":"\\","542":"n","543":" ","544":" ","545":" ","546":" ","547":">","548":"<","549":"/","550":"d","551":"i","552":"v","553":">","554":"\\","555":"n","556":" ","557":" ","558":" ","559":" ","560":"<","561":"M","562":"e","563":"s","564":"s","565":"a","566":"g","567":"e","568":"H","569":"e","570":"a","571":"d","572":"e","573":"r","574":" ","575":"/","576":">","577":"\\","578":"n","579":" ","580":" ","581":" ","582":" ","583":"<","584":"d","585":"i","586":"v","587":">","588":"\\","589":"n","590":" ","591":" ","592":" ","593":" ","594":" ","595":" ","596":"<","597":"d","598":"i","599":"v","600":"\\","601":"n","602":" ","603":" ","604":" ","605":" ","606":" ","607":" ","608":" ","609":" ","610":" ","611":" ","612":"c","613":"l","614":"a","615":"s","616":"s","617":"=","618":"\\","619":"\"","620":"m","621":"e","622":"s","623":"s","624":"a","625":"g","626":"e","627":"s","628":"-","629":"w","630":"r","631":"a","632":"p","633":"p","634":"e","635":"r","636":"\\","637":"\"","638":"\\","639":"n","640":" ","641":" ","642":" ","643":" ","644":" ","645":" ","646":" ","647":" ","648":" ","649":" ","650":":","651":"c","652":"l","653":"a","654":"s","655":"s","656":"=","657":"\\","658":"\"","659":"{","660":" ","661":"'","662":"m","663":"e","664":"s","665":"s","666":"a","667":"g","668":"e","669":"s","670":"-","671":"w","672":"r","673":"a","674":"p","675":"p","676":"e","677":"r","678":"-","679":"m","680":"o","681":"b","682":"i","683":"l","684":"e","685":"'","686":":","687":" ","688":"!","689":"c","690":"h","691":"e","692":"c","693":"k","694":"S","695":"c","696":"r","697":"e","698":"e","699":"n","700":" ","701":"}","702":"\\","703":"\"","704":"\\","705":"n","706":" ","707":" ","708":" ","709":" ","710":" ","711":" ","712":">","713":"\\","714":"n","715":" ","716":" ","717":" ","718":" ","719":" ","720":" ","721":" ","722":" ","723":"<","724":"d","725":"i","726":"v","727":"\\","728":"n","729":" ","730":" ","731":" ","732":" ","733":" ","734":" ","735":" ","736":" ","737":" ","738":" ","739":" ","740":" ","741":"c","742":"l","743":"a","744":"s","745":"s","746":"=","747":"\\","748":"\"","749":"f","750":"l","751":"e","752":"x","753":" ","754":"g","755":"a","756":"p","757":"-","758":"2","759":" ","760":"m","761":"-","762":"3","763":"\\","764":"\"","765":"\\","766":"n","767":" ","768":" ","769":" ","770":" ","771":" ","772":" ","773":" ","774":" ","775":" ","776":" ","777":" ","778":" ","779":"v","780":"-","781":"f","782":"o","783":"r","784":"=","785":"\\","786":"\"","787":"(","788":"c","789":"h","790":"a","791":"t","792":",","793":" ","794":"i","795":"n","796":"d","797":"e","798":"x","799":")","800":" ","801":"i","802":"n","803":" ","804":"u","805":"s","806":"e","807":"r","808":"M","809":"e","810":"s","811":"s","812":"a","813":"g","814":"e","815":"s","816":".","817":"c","818":"h","819":"a","820":"t","821":"T","822":"r","823":"e","824":"e","825":"s","826":"\\","827":"\"","828":" ","829":":","830":"k","831":"e","832":"y","833":"=","834":"\\","835":"\"","836":"i","837":"n","838":"d","839":"e","840":"x","841":"\\","842":"\"","843":"\\","844":"n","845":" ","846":" ","847":" ","848":" ","849":" ","850":" ","851":" ","852":" ","853":">","854":"\\","855":"n","856":" ","857":" ","858":" ","859":" ","860":" ","861":" ","862":" ","863":" ","864":" ","865":" ","866":"<","867":"i","868":"m","869":"g","870":"\\","871":"n","872":" ","873":" ","874":" ","875":" ","876":" ","877":" ","878":" ","879":" ","880":" ","881":" ","882":" ","883":" ","884":" ","885":" ","886":"c","887":"l","888":"a","889":"s","890":"s","891":"=","892":"\\","893":"\"","894":"u","895":"s","896":"e","897":"r","898":"-","899":"l","900":"o","901":"g","902":"o","903":"\\","904":"\"","905":"\\","906":"n","907":" ","908":" ","909":" ","910":" ","911":" ","912":" ","913":" ","914":" ","915":" ","916":" ","917":" ","918":" ","919":" ","920":" ","921":"s","922":"r","923":"c","924":"=","925":"\\","926":"\"","927":".","928":".","929":"/","930":".","931":".","932":"/","933":"p","934":"u","935":"b","936":"l","937":"i","938":"c","939":"/","940":"a","941":"d","942":"m","943":"i","944":"n","945":"-","946":"l","947":"o","948":"g","949":"o","950":".","951":"j","952":"p","953":"e","954":"g","955":"\\","956":"\"","957":"\\","958":"n","959":" ","960":" ","961":" ","962":" ","963":" ","964":" ","965":" ","966":" ","967":" ","968":" ","969":" ","970":" ","971":" ","972":" ","973":"a","974":"l","975":"t","976":"=","977":"\\","978":"\"","979":"c","980":"h","981":"a","982":"t","983":"-","984":"l","985":"o","986":"g","987":"o","988":"\\","989":"\"","990":"\\","991":"n","992":" ","993":" ","994":" ","995":" ","996":" ","997":" ","998":" ","999":" ","1000":" ","1001":" ","1002":"/","1003":">","1004":"\\","1005":"n","1006":" ","1007":" ","1008":" ","1009":" ","1010":" ","1011":" ","1012":" ","1013":" ","1014":" ","1015":" ","1016":"<","1017":"d","1018":"i","1019":"v","1020":" ","1021":"c","1022":"l","1023":"a","1024":"s","1025":"s","1026":"=","1027":"\\","1028":"\"","1029":"m","1030":"e","1031":"s","1032":"s","1033":"a","1034":"g","1035":"e","1036":"-","1037":"c","1038":"o","1039":"n","1040":"t","1041":"e","1042":"n","1043":"t","1044":"\\","1045":"\"","1046":">","1047":"\\","1048":"n","1049":" ","1050":" ","1051":" ","1052":" ","1053":" ","1054":" ","1055":" ","1056":" ","1057":" ","1058":" ","1059":" ","1060":" ","1061":"<","1062":"p","1063":" ","1064":"c","1065":"l","1066":"a","1067":"s","1068":"s","1069":"=","1070":"\\","1071":"\"","1072":"m","1073":"e","1074":"s","1075":"s","1076":"a","1077":"g","1078":"e","1079":"-","1080":"t","1081":"e","1082":"x","1083":"t","1084":"\\","1085":"\"","1086":">","1087":"{","1088":"{","1089":" ","1090":"c","1091":"h","1092":"a","1093":"t","1094":".","1095":"r","1096":"o","1097":"l","1098":"e","1099":" ","1100":"}","1101":"}","1102":"<","1103":"/","1104":"p","1105":">","1106":"\\","1107":"n","1108":" ","1109":" ","1110":" ","1111":" ","1112":" ","1113":" ","1114":" ","1115":" ","1116":" ","1117":" ","1118":" ","1119":" ","1120":"<","1121":"p","1122":" ","1123":"c","1124":"l","1125":"a","1126":"s","1127":"s","1128":"=","1129":"\\","1130":"\"","1131":"m","1132":"e","1133":"s","1134":"s","1135":"a","1136":"g","1137":"e","1138":"-","1139":"t","1140":"e","1141":"x","1142":"t","1143":"\\","1144":"\"","1145":">","1146":"{","1147":"{","1148":" ","1149":"c","1150":"h","1151":"a","1152":"t","1153":".","1154":"c","1155":"o","1156":"n","1157":"t","1158":"e","1159":"n","1160":"t","1161":" ","1162":"}","1163":"}","1164":"<","1165":"/","1166":"p","1167":">","1168":"\\","1169":"n","1170":" ","1171":" ","1172":" ","1173":" ","1174":" ","1175":" ","1176":" ","1177":" ","1178":" ","1179":" ","1180":"<","1181":"/","1182":"d","1183":"i","1184":"v","1185":">","1186":"\\","1187":"n","1188":" ","1189":" ","1190":" ","1191":" ","1192":" ","1193":" ","1194":" ","1195":" ","1196":"<","1197":"/","1198":"d","1199":"i","1200":"v","1201":">","1202":"\\","1203":"n","1204":" ","1205":" ","1206":" ","1207":" ","1208":" ","1209":" ","1210":"<","1211":"/","1212":"d","1213":"i","1214":"v","1215":">","1216":"\\","1217":"n","1218":" ","1219":" ","1220":" ","1221":" ","1222":"<","1223":"/","1224":"d","1225":"i","1226":"v","1227":">","1228":"\\","1229":"n","1230":" ","1231":" ","1232":" ","1233":" ","1234":"<","1235":"d","1236":"i","1237":"v","1238":"\\","1239":"n","1240":" ","1241":" ","1242":" ","1243":" ","1244":" ","1245":" ","1246":"c","1247":"l","1248":"a","1249":"s","1250":"s","1251":"=","1252":"\\","1253":"\"","1254":"m","1255":"e","1256":"s","1257":"s","1258":"a","1259":"g","1260":"e","1261":"-","1262":"f","1263":"i","1264":"e","1265":"l","1266":"d","1267":"\\","1268":"\"","1269":"\\","1270":"n","1271":" ","1272":" ","1273":" ","1274":" ","1275":" ","1276":" ","1277":":","1278":"c","1279":"l","1280":"a","1281":"s","1282":"s","1283":"=","1284":"\\","1285":"\"","1286":"{","1287":" ","1288":"'","1289":"m","1290":"e","1291":"s","1292":"s","1293":"a","1294":"g","1295":"e","1296":"-","1297":"f","1298":"i","1299":"e","1300":"l","1301":"d","1302":"-","1303":"m","1304":"o","1305":"b","1306":"i","1307":"l","1308":"e","1309":"'","1310":":","1311":" ","1312":"!","1313":"c","1314":"h","1315":"e","1316":"c","1317":"k","1318":"S","1319":"c","1320":"r","1321":"e","1322":"e","1323":"n","1324":" ","1325":"}","1326":"\\","1327":"\"","1328":"\\","1329":"n","1330":" ","1331":" ","1332":" ","1333":" ","1334":">","1335":"\\","1336":"n","1337":" ","1338":" ","1339":" ","1340":" ","1341":" ","1342":" ","1343":"<","1344":"E","1345":"x","1346":"a","1347":"m","1348":"p","1349":"l","1350":"e","1351":"O","1352":"f","1353":"Q","1354":"u","1355":"e","1356":"s","1357":"t","1358":"i","1359":"o","1360":"n","1361":"s","1362":" ","1363":"v","1364":"-","1365":"i","1366":"f","1367":"=","1368":"\\","1369":"\"","1370":"u","1371":"s","1372":"e","1373":"r","1374":"M","1375":"e","1376":"s","1377":"s","1378":"a","1379":"g","1380":"e","1381":"s","1382":".","1383":"s","1384":"h","1385":"o","1386":"w","1387":"N","1388":"e","1389":"w","1390":"C","1391":"h","1392":"a","1393":"t","1394":"\\","1395":"\"","1396":" ","1397":"/","1398":">","1399":"\\","1400":"n","1401":" ","1402":" ","1403":" ","1404":" ","1405":" ","1406":" ","1407":"<","1408":"d","1409":"i","1410":"v","1411":" ","1412":"c","1413":"l","1414":"a","1415":"s","1416":"s","1417":"=","1418":"\\","1419":"\"","1420":"r","1421":"e","1422":"l","1423":"a","1424":"t","1425":"i","1426":"v","1427":"e","1428":"\\","1429":"\"","1430":">","1431":"\\","1432":"n","1433":" ","1434":" ","1435":" ","1436":" ","1437":" ","1438":" ","1439":" ","1440":" ","1441":"<","1442":"i","1443":"n","1444":"p","1445":"u","1446":"t","1447":"\\","1448":"n","1449":" ","1450":" ","1451":" ","1452":" ","1453":" ","1454":" ","1455":" ","1456":" ","1457":" ","1458":" ","1459":" ","1460":" ","1461":"p","1462":"l","1463":"a","1464":"c","1465":"e","1466":"h","1467":"o","1468":"l","1469":"d","1470":"e","1471":"r","1472":"=","1473":"\\","1474":"\"","1475":"M","1476":"e","1477":"s","1478":"s","1479":"a","1480":"g","1481":"e","1482":" ","1483":"C","1484":"h","1485":"a","1486":"t","1487":"G","1488":"P","1489":"T","1490":"…","1491":"\\","1492":"\"","1493":"\\","1494":"n","1495":" ","1496":" ","1497":" ","1498":" ","1499":" ","1500":" ","1501":" ","1502":" ","1503":" ","1504":" ","1505":" ","1506":" ","1507":"v","1508":"-","1509":"m","1510":"o","1511":"d","1512":"e","1513":"l","1514":"=","1515":"\\","1516":"\"","1517":"u","1518":"s","1519":"e","1520":"r","1521":"M","1522":"e","1523":"s","1524":"s","1525":"a","1526":"g","1527":"e","1528":"s","1529":".","1530":"m","1531":"e","1532":"s","1533":"s","1534":"a","1535":"g","1536":"e","1537":"D","1538":"a","1539":"t","1540":"a","1541":"\\","1542":"\"","1543":"\\","1544":"n","1545":" ","1546":" ","1547":" ","1548":" ","1549":" ","1550":" ","1551":" ","1552":" ","1553":" ","1554":" ","1555":" ","1556":" ","1557":"@","1558":"k","1559":"e","1560":"y","1561":"u","1562":"p","1563":".","1564":"e","1565":"n","1566":"t","1567":"e","1568":"r","1569":"=","1570":"\\","1571":"\"","1572":"u","1573":"s","1574":"e","1575":"r","1576":"M","1577":"e","1578":"s","1579":"s","1580":"a","1581":"g","1582":"e","1583":"s","1584":".","1585":"g","1586":"e","1587":"t","1588":"C","1589":"h","1590":"a","1591":"t","1592":"T","1593":"r","1594":"e","1595":"e","1596":"\\","1597":"\"","1598":"\\","1599":"n","1600":" ","1601":" ","1602":" ","1603":" ","1604":" ","1605":" ","1606":" ","1607":" ","1608":"/","1609":">","1610":"\\","1611":"n","1612":" ","1613":" ","1614":" ","1615":" ","1616":" ","1617":" ","1618":" ","1619":" ","1620":"<","1621":"i","1622":"m","1623":"g","1624":"\\","1625":"n","1626":" ","1627":" ","1628":" ","1629":" ","1630":" ","1631":" ","1632":" ","1633":" ","1634":" ","1635":" ","1636":" ","1637":" ","1638":"s","1639":"r","1640":"c","1641":"=","1642":"\\","1643":"\"","1644":".","1645":".","1646":"/","1647":".","1648":".","1649":"/","1650":"p","1651":"u","1652":"b","1653":"l","1654":"i","1655":"c","1656":"/","1657":"a","1658":"r","1659":"r","1660":"o","1661":"w","1662":"-","1663":"i","1664":"c","1665":"o","1666":"n","1667":".","1668":"p","1669":"n","1670":"g","1671":"\\","1672":"\"","1673":"\\","1674":"n","1675":" ","1676":" ","1677":" ","1678":" ","1679":" ","1680":" ","1681":" ","1682":" ","1683":" ","1684":" ","1685":" ","1686":" ","1687":":","1688":"s","1689":"t","1690":"y","1691":"l","1692":"e","1693":"=","1694":"\\","1695":"\"","1696":"{","1697":" ","1698":"'","1699":"b","1700":"a","1701":"c","1702":"k","1703":"g","1704":"r","1705":"o","1706":"u","1707":"n","1708":"d","1709":"'","1710":":","1711":" ","1712":"!","1713":"u","1714":"s","1715":"e","1716":"r","1717":"M","1718":"e","1719":"s","1720":"s","1721":"a","1722":"g","1723":"e","1724":"s","1725":".","1726":"m","1727":"e","1728":"s","1729":"s","1730":"a","1731":"g","1732":"e","1733":"D","1734":"a","1735":"t","1736":"a","1737":" ","1738":"?","1739":" ","1740":"'","1741":"#","1742":"3","1743":"d","1744":"3","1745":"d","1746":"3","1747":"d","1748":"'","1749":" ","1750":":","1751":" ","1752":"'","1753":"#","1754":"f","1755":"f","1756":"f","1757":"f","1758":"f","1759":"f","1760":"'","1761":" ","1762":"}","1763":"\\","1764":"\"","1765":"\\","1766":"n","1767":" ","1768":" ","1769":" ","1770":" ","1771":" ","1772":" ","1773":" ","1774":" ","1775":" ","1776":" ","1777":" ","1778":" ","1779":"c","1780":"l","1781":"a","1782":"s","1783":"s","1784":"=","1785":"\\","1786":"\"","1787":"s","1788":"e","1789":"n","1790":"d","1791":"-","1792":"a","1793":"r","1794":"r","1795":"o","1796":"w","1797":"\\","1798":"\"","1799":"\\","1800":"n","1801":" ","1802":" ","1803":" ","1804":" ","1805":" ","1806":" ","1807":" ","1808":" ","1809":" ","1810":" ","1811":" ","1812":" ","1813":"a","1814":"l","1815":"t","1816":"=","1817":"\\","1818":"\"","1819":"s","1820":"e","1821":"n","1822":"d","1823":"-","1824":"m","1825":"e","1826":"s","1827":"s","1828":"a","1829":"g","1830":"e","1831":"\\","1832":"\"","1833":"\\","1834":"n","1835":" ","1836":" ","1837":" ","1838":" ","1839":" ","1840":" ","1841":" ","1842":" ","1843":" ","1844":" ","1845":" ","1846":" ","1847":"@","1848":"c","1849":"l","1850":"i","1851":"c","1852":"k","1853":"=","1854":"\\","1855":"\"","1856":"u","1857":"s","1858":"e","1859":"r","1860":"M","1861":"e","1862":"s","1863":"s","1864":"a","1865":"g","1866":"e","1867":"s","1868":".","1869":"g","1870":"e","1871":"t","1872":"C","1873":"h","1874":"a","1875":"t","1876":"T","1877":"r","1878":"e","1879":"e","1880":"\\","1881":"\"","1882":"\\","1883":"n","1884":" ","1885":" ","1886":" ","1887":" ","1888":" ","1889":" ","1890":" ","1891":" ","1892":"/","1893":">","1894":"\\","1895":"n","1896":" ","1897":" ","1898":" ","1899":" ","1900":" ","1901":" ","1902":"<","1903":"/","1904":"d","1905":"i","1906":"v","1907":">","1908":"\\","1909":"n","1910":" ","1911":" ","1912":" ","1913":" ","1914":" ","1915":" ","1916":"<","1917":"p","1918":" ","1919":"c","1920":"l","1921":"a","1922":"s","1923":"s","1924":"=","1925":"\\","1926":"\"","1927":"m","1928":"i","1929":"s","1930":"t","1931":"a","1932":"k","1933":"e","1934":"s","1935":"-","1936":"t","1937":"e","1938":"x","1939":"t","1940":"\\","1941":"\"","1942":">","1943":"C","1944":"h","1945":"a","1946":"t","1947":"G","1948":"P","1949":"T","1950":" ","1951":"c","1952":"a","1953":"n","1954":" ","1955":"m","1956":"a","1957":"k","1958":"e","1959":" ","1960":"m","1961":"i","1962":"s","1963":"t","1964":"a","1965":"k","1966":"e","1967":"s","1968":".","1969":" ","1970":"C","1971":"o","1972":"n","1973":"s","1974":"i","1975":"d","1976":"e","1977":"r","1978":" ","1979":"c","1980":"h","1981":"e","1982":"c","1983":"k","1984":"i","1985":"n","1986":"g","1987":" ","1988":"i","1989":"m","1990":"p","1991":"o","1992":"r","1993":"t","1994":"a","1995":"n","1996":"t","1997":" ","1998":"i","1999":"n","2000":"f","2001":"o","2002":"r","2003":"m","2004":"a","2005":"t","2006":"i","2007":"o","2008":"n","2009":".","2010":"<","2011":"/","2012":"p","2013":">","2014":"\\","2015":"n","2016":" ","2017":" ","2018":" ","2019":" ","2020":"<","2021":"/","2022":"d","2023":"i","2024":"v","2025":">","2026":"\\","2027":"n","2028":" ","2029":" ","2030":"<","2031":"/","2032":"d","2033":"i","2034":"v","2035":">","2036":"\\","2037":"n","2038":"<","2039":"/","2040":"t","2041":"e","2042":"m","2043":"p","2044":"l","2045":"a","2046":"t","2047":"e","2048":">","2049":"\\","2050":"n","2051":"\\","2052":"n","2053":"<","2054":"s","2055":"c","2056":"r","2057":"i","2058":"p","2059":"t","2060":" ","2061":"s","2062":"e","2063":"t","2064":"u","2065":"p","2066":" ","2067":"l","2068":"a","2069":"n","2070":"g","2071":"=","2072":"\\","2073":"\"","2074":"t","2075":"s","2076":"\\","2077":"\"","2078":">","2079":"\\","2080":"n","2081":" ","2082":" ","2083":"i","2084":"m","2085":"p","2086":"o","2087":"r","2088":"t","2089":" ","2090":"M","2091":"e","2092":"s","2093":"s","2094":"a","2095":"g","2096":"e","2097":"H","2098":"e","2099":"a","2100":"d","2101":"e","2102":"r","2103":" ","2104":"f","2105":"r","2106":"o","2107":"m","2108":" ","2109":"'","2110":"~","2111":"/","2112":"c","2113":"o","2114":"m","2115":"p","2116":"o","2117":"n","2118":"e","2119":"n","2120":"t","2121":"s","2122":"/","2123":"p","2124":"a","2125":"r","2126":"t","2127":"s","2128":"/","2129":"M","2130":"e","2131":"s","2132":"s","2133":"a","2134":"g","2135":"e","2136":"H","2137":"e","2138":"a","2139":"d","2140":"e","2141":"r","2142":".","2143":"v","2144":"u","2145":"e","2146":"'","2147":"\\","2148":"n","2149":" ","2150":" ","2151":"i","2152":"m","2153":"p","2154":"o","2155":"r","2156":"t","2157":" ","2158":"E","2159":"x","2160":"a","2161":"m","2162":"p","2163":"l","2164":"e","2165":"O","2166":"f","2167":"Q","2168":"u","2169":"e","2170":"s","2171":"t","2172":"i","2173":"o","2174":"n","2175":"s","2176":" ","2177":"f","2178":"r","2179":"o","2180":"m","2181":" ","2182":"'","2183":"~","2184":"/","2185":"c","2186":"o","2187":"m","2188":"p","2189":"o","2190":"n","2191":"e","2192":"n","2193":"t","2194":"s","2195":"/","2196":"p","2197":"a","2198":"r","2199":"t","2200":"s","2201":"/","2202":"E","2203":"x","2204":"a","2205":"m","2206":"p","2207":"l","2208":"e","2209":"O","2210":"f","2211":"Q","2212":"u","2213":"e","2214":"s","2215":"t","2216":"i","2217":"o","2218":"n","2219":"s","2220":".","2221":"v","2222":"u","2223":"e","2224":"'","2225":"\\","2226":"n","2227":" ","2228":" ","2229":"i","2230":"m","2231":"p","2232":"o","2233":"r","2234":"t","2235":" ","2236":"{","2237":" ","2238":"c","2239":"h","2240":"a","2241":"t","2242":"M","2243":"e","2244":"s","2245":"s","2246":"a","2247":"g","2248":"e","2249":"s","2250":" ","2251":"}","2252":" ","2253":"f","2254":"r","2255":"o","2256":"m","2257":" ","2258":"'","2259":"~","2260":"/","2261":"s","2262":"t","2263":"o","2264":"r","2265":"e","2266":"s","2267":"/","2268":"m","2269":"e","2270":"s","2271":"s","2272":"a","2273":"g","2274":"e","2275":"s","2276":"'","2277":"\\","2278":"n","2279":" ","2280":" ","2281":"i","2282":"m","2283":"p","2284":"o","2285":"r","2286":"t","2287":" ","2288":"{","2289":" ","2290":"s","2291":"c","2292":"r","2293":"e","2294":"e","2295":"n","2296":" ","2297":"}","2298":" ","2299":"f","2300":"r","2301":"o","2302":"m","2303":" ","2304":"'","2305":"~","2306":"/","2307":"m","2308":"i","2309":"x","2310":"i","2311":"n","2312":"s","2313":"/","2314":"c","2315":"h","2316":"e","2317":"c","2318":"k","2319":"-","2320":"s","2321":"c","2322":"r","2323":"e","2324":"e","2325":"n","2326":"'","2327":"\\","2328":"n","2329":"\\","2330":"n","2331":" ","2332":" ","2333":"c","2334":"o","2335":"n","2336":"s","2337":"t","2338":" ","2339":"u","2340":"s","2341":"e","2342":"r","2343":"M","2344":"e","2345":"s","2346":"s","2347":"a","2348":"g","2349":"e","2350":"s","2351":" ","2352":"=","2353":" ","2354":"c","2355":"h","2356":"a","2357":"t","2358":"M","2359":"e","2360":"s","2361":"s","2362":"a","2363":"g","2364":"e","2365":"s","2366":"(","2367":")","2368":"\\","2369":"n","2370":" ","2371":" ","2372":"c","2373":"o","2374":"n","2375":"s","2376":"t","2377":" ","2378":"{","2379":" ","2380":"c","2381":"h","2382":"e","2383":"c","2384":"k","2385":"S","2386":"c","2387":"r","2388":"e","2389":"e","2390":"n","2391":" ","2392":"}","2393":" ","2394":"=","2395":" ","2396":"s","2397":"c","2398":"r","2399":"e","2400":"e","2401":"n","2402":".","2403":"s","2404":"e","2405":"t","2406":"u","2407":"p","2408":"(","2409":")","2410":"\\","2411":"n","2412":"<","2413":"/","2414":"s","2415":"c","2416":"r","2417":"i","2418":"p","2419":"t","2420":">","2421":"\\","2422":"n","2423":"\\","2424":"n","2425":"<","2426":"s","2427":"t","2428":"y","2429":"l","2430":"e","2431":" ","2432":"s","2433":"c","2434":"o","2435":"p","2436":"e","2437":"d","2438":">","2439":"\\","2440":"n","2441":" ","2442":" ","2443":".","2444":"m","2445":"e","2446":"s","2447":"s","2448":"a","2449":"g","2450":"e","2451":"-","2452":"c","2453":"o","2454":"n","2455":"t","2456":"a","2457":"i","2458":"n","2459":"e","2460":"r","2461":" ","2462":"{","2463":"\\","2464":"n","2465":" ","2466":" ","2467":" ","2468":" ","2469":"d","2470":"i","2471":"s","2472":"p","2473":"l","2474":"a","2475":"y","2476":":","2477":" ","2478":"f","2479":"l","2480":"e","2481":"x","2482":";","2483":"\\","2484":"n","2485":" ","2486":" ","2487":" ","2488":" ","2489":"f","2490":"l","2491":"e","2492":"x","2493":"-","2494":"d","2495":"i","2496":"r","2497":"e","2498":"c","2499":"t","2500":"i","2501":"o","2502":"n","2503":":","2504":" ","2505":"c","2506":"o","2507":"l","2508":"u","2509":"m","2510":"n","2511":";","2512":"\\","2513":"n","2514":" ","2515":" ","2516":" ","2517":" ","2518":"j","2519":"u","2520":"s","2521":"t","2522":"i","2523":"f","2524":"y","2525":"-","2526":"c","2527":"o","2528":"n","2529":"t","2530":"e","2531":"n","2532":"t","2533":":","2534":" ","2535":"s","2536":"p","2537":"a","2538":"c","2539":"e","2540":"-","2541":"b","2542":"e","2543":"t","2544":"w","2545":"e","2546":"e","2547":"n","2548":";","2549":"\\","2550":"n","2551":" ","2552":" ","2553":" ","2554":" ","2555":"a","2556":"l","2557":"i","2558":"g","2559":"n","2560":"-","2561":"i","2562":"t","2563":"e","2564":"m","2565":"s","2566":":","2567":" ","2568":"c","2569":"e","2570":"n","2571":"t","2572":"e","2573":"r","2574":";","2575":"\\","2576":"n","2577":" ","2578":" ","2579":" ","2580":" ","2581":"f","2582":"l","2583":"e","2584":"x","2585":":","2586":" ","2587":"1","2588":" ","2589":"0","2590":" ","2591":"8","2592":"0","2593":"%","2594":";","2595":"\\","2596":"n","2597":" ","2598":" ","2599":" ","2600":" ","2601":"b","2602":"a","2603":"c","2604":"k","2605":"g","2606":"r","2607":"o","2608":"u","2609":"n","2610":"d","2611":":","2612":" ","2613":"#","2614":"2","2615":"1","2616":"2","2617":"1","2618":"2","2619":"1","2620":";","2621":"\\","2622":"n","2623":" ","2624":" ","2625":" ","2626":" ","2627":"h","2628":"e","2629":"i","2630":"g","2631":"h","2632":"t","2633":":","2634":" ","2635":"1","2636":"0","2637":"0","2638":"v","2639":"h","2640":";","2641":"\\","2642":"n","2643":" ","2644":" ","2645":" ","2646":" ","2647":"p","2648":"o","2649":"s","2650":"i","2651":"t","2652":"i","2653":"o","2654":"n","2655":":","2656":" ","2657":"r","2658":"e","2659":"l","2660":"a","2661":"t","2662":"i","2663":"v","2664":"e","2665":";","2666":"\\","2667":"n","2668":" ","2669":" ","2670":"}","2671":"\\","2672":"n","2673":" ","2674":" ","2675":".","2676":"m","2677":"e","2678":"s","2679":"s","2680":"a","2681":"g","2682":"e","2683":"s","2684":"-","2685":"w","2686":"r","2687":"a","2688":"p","2689":"p","2690":"e","2691":"r","2692":" ","2693":"{","2694":"\\","2695":"n","2696":" ","2697":" ","2698":" ","2699":" ","2700":"m","2701":"i","2702":"n","2703":"-","2704":"w","2705":"i","2706":"d","2707":"t","2708":"h","2709":":","2710":" ","2711":"6","2712":"5","2713":"0","2714":"p","2715":"x","2716":";","2717":"\\","2718":"n","2719":" ","2720":" ","2721":" ","2722":" ","2723":"m","2724":"a","2725":"r","2726":"g","2727":"i","2728":"n","2729":":","2730":" ","2731":"4","2732":"0","2733":"p","2734":"x","2735":" ","2736":"a","2737":"u","2738":"t","2739":"o","2740":" ","2741":"0","2742":";","2743":"\\","2744":"n","2745":" ","2746":" ","2747":" ","2748":" ","2749":"f","2750":"l","2751":"e","2752":"x","2753":":","2754":" ","2755":"1","2756":" ","2757":"0","2758":" ","2759":"8","2760":"0","2761":"%","2762":";","2763":"\\","2764":"n","2765":" ","2766":" ","2767":" ","2768":" ","2769":"p","2770":"a","2771":"d","2772":"d","2773":"i","2774":"n","2775":"g","2776":":","2777":" ","2778":"8","2779":"p","2780":"x","2781":" ","2782":"1","2783":"6","2784":"p","2785":"x","2786":";","2787":"\\","2788":"n","2789":" ","2790":" ","2791":" ","2792":" ","2793":"o","2794":"v","2795":"e","2796":"r","2797":"f","2798":"l","2799":"o","2800":"w","2801":"-","2802":"y","2803":":","2804":" ","2805":"a","2806":"u","2807":"t","2808":"o","2809":";","2810":"\\","2811":"n","2812":" ","2813":" ","2814":"}","2815":"\\","2816":"n","2817":" ","2818":" ","2819":".","2820":"m","2821":"e","2822":"s","2823":"s","2824":"a","2825":"g","2826":"e","2827":"-","2828":"f","2829":"i","2830":"e","2831":"l","2832":"d","2833":" ","2834":"{","2835":"\\","2836":"n","2837":" ","2838":" ","2839":" ","2840":" ","2841":"m","2842":"a","2843":"x","2844":"-","2845":"w","2846":"i","2847":"d","2848":"t","2849":"h","2850":":","2851":" ","2852":"7","2853":"5","2854":"0","2855":"p","2856":"x","2857":";","2858":"\\","2859":"n","2860":" ","2861":" ","2862":"}","2863":"\\","2864":"n","2865":" ","2866":" ","2867":".","2868":"m","2869":"e","2870":"s","2871":"s","2872":"a","2873":"g","2874":"e","2875":"-","2876":"c","2877":"o","2878":"n","2879":"t","2880":"e","2881":"n","2882":"t","2883":" ","2884":"{","2885":"\\","2886":"n","2887":" ","2888":" ","2889":" ","2890":" ","2891":"m","2892":"a","2893":"x","2894":"-","2895":"w","2896":"i","2897":"d","2898":"t","2899":"h","2900":":","2901":" ","2902":"6","2903":"5","2904":"0","2905":"p","2906":"x","2907":";","2908":"\\","2909":"n","2910":" ","2911":" ","2912":"}","2913":"\\","2914":"n","2915":" ","2916":" ","2917":".","2918":"m","2919":"e","2920":"s","2921":"s","2922":"a","2923":"g","2924":"e","2925":"-","2926":"f","2927":"i","2928":"e","2929":"l","2930":"d","2931":" ","2932":"i","2933":"n","2934":"p","2935":"u","2936":"t","2937":" ","2938":"{","2939":"\\","2940":"n","2941":" ","2942":" ","2943":" ","2944":" ","2945":"c","2946":"o","2947":"l","2948":"o","2949":"r","2950":":","2951":" ","2952":"#","2953":"9","2954":"0","2955":"9","2956":"0","2957":"9","2958":"0","2959":";","2960":"\\","2961":"n","2962":" ","2963":" ","2964":" ","2965":" ","2966":"m","2967":"a","2968":"x","2969":"-","2970":"h","2971":"e","2972":"i","2973":"g","2974":"h","2975":"t","2976":":","2977":" ","2978":"5","2979":"2","2980":"p","2981":"x","2982":";","2983":"\\","2984":"n","2985":" ","2986":" ","2987":" ","2988":" ","2989":"w","2990":"i","2991":"d","2992":"t","2993":"h","2994":":","2995":" ","2996":"1","2997":"0","2998":"0","2999":"%","3000":";","3001":"\\","3002":"n","3003":" ","3004":" ","3005":" ","3006":" ","3007":"o","3008":"v","3009":"e","3010":"r","3011":"f","3012":"l","3013":"o","3014":"w","3015":"-","3016":"y","3017":":","3018":" ","3019":"h","3020":"i","3021":"d","3022":"d","3023":"e","3024":"n","3025":";","3026":"\\","3027":"n","3028":" ","3029":" ","3030":" ","3031":" ","3032":"b","3033":"a","3034":"c","3035":"k","3036":"g","3037":"r","3038":"o","3039":"u","3040":"n","3041":"d","3042":":","3043":" ","3044":"t","3045":"r","3046":"a","3047":"n","3048":"s","3049":"p","3050":"a","3051":"r","3052":"e","3053":"n","3054":"t","3055":";","3056":"\\","3057":"n","3058":" ","3059":" ","3060":" ","3061":" ","3062":"b","3063":"o","3064":"r","3065":"d","3066":"e","3067":"r","3068":"-","3069":"r","3070":"a","3071":"d","3072":"i","3073":"u","3074":"s","3075":":","3076":" ","3077":"1","3078":"2","3079":"p","3080":"x","3081":";","3082":"\\","3083":"n","3084":" ","3085":" ","3086":" ","3087":" ","3088":"b","3089":"o","3090":"r","3091":"d","3092":"e","3093":"r","3094":":","3095":" ","3096":"1","3097":"p","3098":"x","3099":" ","3100":"s","3101":"o","3102":"l","3103":"i","3104":"d","3105":" ","3106":"#","3107":"9","3108":"0","3109":"9","3110":"0","3111":"9","3112":"0","3113":";","3114":"\\","3115":"n","3116":" ","3117":" ","3118":" ","3119":" ","3120":"p","3121":"a","3122":"d","3123":"d","3124":"i","3125":"n","3126":"g","3127":":","3128":" ","3129":"1","3130":"4","3131":"p","3132":"x","3133":" ","3134":"4","3135":"8","3136":"p","3137":"x","3138":" ","3139":"1","3140":"4","3141":"p","3142":"x","3143":" ","3144":"1","3145":"6","3146":"p","3147":"x","3148":";","3149":"\\","3150":"n","3151":" ","3152":" ","3153":"}","3154":"\\","3155":"n","3156":" ","3157":" ","3158":".","3159":"m","3160":"i","3161":"s","3162":"t","3163":"a","3164":"k","3165":"e","3166":"s","3167":"-","3168":"t","3169":"e","3170":"x","3171":"t","3172":" ","3173":"{","3174":"\\","3175":"n","3176":" ","3177":" ","3178":" ","3179":" ","3180":"p","3181":"a","3182":"d","3183":"d","3184":"i","3185":"n","3186":"g","3187":":","3188":" ","3189":"1","3190":"2","3191":"p","3192":"x","3193":" ","3194":"6","3195":"0","3196":"p","3197":"x","3198":";","3199":"\\","3200":"n","3201":" ","3202":" ","3203":" ","3204":" ","3205":"t","3206":"e","3207":"x","3208":"t","3209":"-","3210":"a","3211":"l","3212":"i","3213":"g","3214":"n","3215":":","3216":" ","3217":"c","3218":"e","3219":"n","3220":"t","3221":"e","3222":"r","3223":";","3224":"\\","3225":"n","3226":" ","3227":" ","3228":" ","3229":" ","3230":"c","3231":"o","3232":"l","3233":"o","3234":"r","3235":":","3236":" ","3237":"#","3238":"9","3239":"0","3240":"9","3241":"0","3242":"9","3243":"0","3244":";","3245":"\\","3246":"n","3247":" ","3248":" ","3249":" ","3250":" ","3251":"f","3252":"o","3253":"n","3254":"t","3255":"-","3256":"s","3257":"i","3258":"z","3259":"e","3260":":","3261":" ","3262":"1","3263":"2","3264":"p","3265":"x","3266":";","3267":"\\","3268":"n","3269":" ","3270":" ","3271":"}","3272":"\\","3273":"n","3274":" ","3275":" ","3276":".","3277":"m","3278":"e","3279":"s","3280":"s","3281":"a","3282":"g","3283":"e","3284":"-","3285":"t","3286":"e","3287":"x","3288":"t","3289":" ","3290":"{","3291":"\\","3292":"n","3293":" ","3294":" ","3295":" ","3296":" ","3297":"c","3298":"o","3299":"l","3300":"o","3301":"r","3302":":","3303":" ","3304":"#","3305":"e","3306":"c","3307":"e","3308":"c","3309":"e","3310":"c","3311":";","3312":"\\","3313":"n","3314":" ","3315":" ","3316":" ","3317":" ","3318":"f","3319":"o","3320":"n","3321":"t","3322":"-","3323":"s","3324":"i","3325":"z","3326":"e","3327":":","3328":" ","3329":"1","3330":"6","3331":"p","3332":"x","3333":";","3334":"\\","3335":"n","3336":" ","3337":" ","3338":"}","3339":"\\","3340":"n","3341":" ","3342":" ","3343":".","3344":"s","3345":"e","3346":"n","3347":"d","3348":"-","3349":"a","3350":"r","3351":"r","3352":"o","3353":"w","3354":" ","3355":"{","3356":"\\","3357":"n","3358":" ","3359":" ","3360":" ","3361":" ","3362":"o","3363":"b","3364":"j","3365":"e","3366":"c","3367":"t","3368":"-","3369":"f","3370":"i","3371":"t","3372":":","3373":" ","3374":"c","3375":"o","3376":"n","3377":"t","3378":"a","3379":"i","3380":"n","3381":";","3382":"\\","3383":"n","3384":" ","3385":" ","3386":" ","3387":" ","3388":"p","3389":"o","3390":"s","3391":"i","3392":"t","3393":"i","3394":"o","3395":"n","3396":":","3397":" ","3398":"a","3399":"b","3400":"s","3401":"o","3402":"l","3403":"u","3404":"t","3405":"e","3406":";","3407":"\\","3408":"n","3409":" ","3410":" ","3411":" ","3412":" ","3413":"w","3414":"i","3415":"d","3416":"t","3417":"h","3418":":","3419":" ","3420":"3","3421":"0","3422":"p","3423":"x","3424":";","3425":"\\","3426":"n","3427":" ","3428":" ","3429":" ","3430":" ","3431":"h","3432":"e","3433":"i","3434":"g","3435":"h","3436":"t","3437":":","3438":" ","3439":"3","3440":"0","3441":"p","3442":"x","3443":";","3444":"\\","3445":"n","3446":" ","3447":" ","3448":" ","3449":" ","3450":"r","3451":"i","3452":"g","3453":"h","3454":"t","3455":":","3456":" ","3457":"2","3458":"%","3459":";","3460":"\\","3461":"n","3462":" ","3463":" ","3464":" ","3465":" ","3466":"t","3467":"o","3468":"p","3469":":","3470":" ","3471":"2","3472":"0","3473":"%","3474":";","3475":"\\","3476":"n","3477":" ","3478":" ","3479":" ","3480":" ","3481":"t","3482":"r","3483":"a","3484":"n","3485":"s","3486":"f","3487":"o","3488":"r","3489":"m","3490":":","3491":" ","3492":"r","3493":"o","3494":"t","3495":"a","3496":"t","3497":"e","3498":"(","3499":"-","3500":"9","3501":"0","3502":"d","3503":"e","3504":"g","3505":")","3506":";","3507":"\\","3508":"n","3509":" ","3510":" ","3511":" ","3512":" ","3513":"p","3514":"a","3515":"d","3516":"d","3517":"i","3518":"n","3519":"g","3520":":","3521":" ","3522":"3","3523":"p","3524":"x","3525":";","3526":"\\","3527":"n","3528":" ","3529":" ","3530":" ","3531":" ","3532":"b","3533":"o","3534":"r","3535":"d","3536":"e","3537":"r","3538":"-","3539":"r","3540":"a","3541":"d","3542":"i","3543":"u","3544":"s","3545":":","3546":" ","3547":"8","3548":"p","3549":"x","3550":";","3551":"\\","3552":"n","3553":" ","3554":" ","3555":" ","3556":" ","3557":"c","3558":"u","3559":"r","3560":"s","3561":"o","3562":"r","3563":":","3564":" ","3565":"p","3566":"o","3567":"i","3568":"n","3569":"t","3570":"e","3571":"r","3572":";","3573":"\\","3574":"n","3575":" ","3576":" ","3577":"}","3578":"\\","3579":"n","3580":" ","3581":" ","3582":".","3583":"h","3584":"i","3585":"d","3586":"e","3587":"-","3588":"s","3589":"i","3590":"d","3591":"e","3592":"-","3593":"n","3594":"a","3595":"v","3596":" ","3597":"{","3598":"\\","3599":"n","3600":" ","3601":" ","3602":" ","3603":" ","3604":"c","3605":"o","3606":"n","3607":"t","3608":"e","3609":"n","3610":"t","3611":":","3612":" ","3613":"'","3614":"'","3615":";","3616":"\\","3617":"n","3618":" ","3619":" ","3620":" ","3621":" ","3622":"p","3623":"o","3624":"s","3625":"i","3626":"t","3627":"i","3628":"o","3629":"n","3630":":","3631":" ","3632":"a","3633":"b","3634":"s","3635":"o","3636":"l","3637":"u","3638":"t","3639":"e","3640":";","3641":"\\","3642":"n","3643":" ","3644":" ","3645":" ","3646":" ","3647":"t","3648":"o","3649":"p","3650":":","3651":" ","3652":"5","3653":"0","3654":"%","3655":";","3656":"\\","3657":"n","3658":" ","3659":" ","3660":" ","3661":" ","3662":"r","3663":"i","3664":"g","3665":"h","3666":"t","3667":":","3668":" ","3669":"9","3670":"9","3671":"%","3672":";","3673":"\\","3674":"n","3675":" ","3676":" ","3677":" ","3678":" ","3679":"w","3680":"i","3681":"d","3682":"t","3683":"h","3684":":","3685":" ","3686":"1","3687":"0","3688":"p","3689":"x","3690":";","3691":"\\","3692":"n","3693":" ","3694":" ","3695":" ","3696":" ","3697":"h","3698":"e","3699":"i","3700":"g","3701":"h","3702":"t","3703":":","3704":" ","3705":"2","3706":"0","3707":"p","3708":"x","3709":";","3710":"\\","3711":"n","3712":" ","3713":" ","3714":" ","3715":" ","3716":"b","3717":"o","3718":"r","3719":"d","3720":"e","3721":"r","3722":"-","3723":"t","3724":"o","3725":"p","3726":":","3727":" ","3728":"2","3729":"p","3730":"x","3731":" ","3732":"s","3733":"o","3734":"l","3735":"i","3736":"d","3737":" ","3738":"t","3739":"r","3740":"a","3741":"n","3742":"s","3743":"p","3744":"a","3745":"r","3746":"e","3747":"n","3748":"t","3749":";","3750":"\\","3751":"n","3752":" ","3753":" ","3754":" ","3755":" ","3756":"b","3757":"o","3758":"r","3759":"d","3760":"e","3761":"r","3762":"-","3763":"b","3764":"o","3765":"t","3766":"t","3767":"o","3768":"m","3769":":","3770":" ","3771":"2","3772":"p","3773":"x","3774":" ","3775":"s","3776":"o","3777":"l","3778":"i","3779":"d","3780":" ","3781":"t","3782":"r","3783":"a","3784":"n","3785":"s","3786":"p","3787":"a","3788":"r","3789":"e","3790":"n","3791":"t","3792":";","3793":"\\","3794":"n","3795":" ","3796":" ","3797":" ","3798":" ","3799":"b","3800":"o","3801":"r","3802":"d","3803":"e","3804":"r","3805":"-","3806":"l","3807":"e","3808":"f","3809":"t","3810":":","3811":" ","3812":"2","3813":"p","3814":"x","3815":" ","3816":"s","3817":"o","3818":"l","3819":"i","3820":"d","3821":" ","3822":"#","3823":"3","3824":"d","3825":"3","3826":"d","3827":"3","3828":"d","3829":";","3830":"\\","3831":"n","3832":" ","3833":" ","3834":" ","3835":" ","3836":"t","3837":"r","3838":"a","3839":"n","3840":"s","3841":"i","3842":"t","3843":"i","3844":"o","3845":"n","3846":":","3847":" ","3848":"t","3849":"r","3850":"a","3851":"n","3852":"s","3853":"f","3854":"o","3855":"r","3856":"m","3857":" ","3858":"0","3859":".","3860":"3","3861":"s","3862":" ","3863":"e","3864":"a","3865":"s","3866":"e","3867":";","3868":"\\","3869":"n","3870":" ","3871":" ","3872":" ","3873":" ","3874":"c","3875":"u","3876":"r","3877":"s","3878":"o","3879":"r","3880":":","3881":" ","3882":"p","3883":"o","3884":"i","3885":"n","3886":"t","3887":"e","3888":"r","3889":";","3890":"\\","3891":"n","3892":" ","3893":" ","3894":"}","3895":"\\","3896":"n","3897":" ","3898":" ","3899":".","3900":"h","3901":"i","3902":"d","3903":"e","3904":"-","3905":"s","3906":"i","3907":"d","3908":"e","3909":"-","3910":"n","3911":"a","3912":"v","3913":":","3914":"h","3915":"o","3916":"v","3917":"e","3918":"r","3919":" ","3920":"{","3921":"\\","3922":"n","3923":" ","3924":" ","3925":" ","3926":" ","3927":"t","3928":"r","3929":"a","3930":"n","3931":"s","3932":"f","3933":"o","3934":"r","3935":"m","3936":":","3937":" ","3938":"r","3939":"o","3940":"t","3941":"a","3942":"t","3943":"e","3944":"(","3945":"4","3946":"5","3947":"d","3948":"e","3949":"g","3950":")","3951":";","3952":"\\","3953":"n","3954":" ","3955":" ","3956":" ","3957":" ","3958":"h","3959":"e","3960":"i","3961":"g","3962":"h","3963":"t","3964":":","3965":" ","3966":"1","3967":"6","3968":"p","3969":"x","3970":";","3971":"\\","3972":"n","3973":" ","3974":" ","3975":" ","3976":" ","3977":"w","3978":"i","3979":"d","3980":"t","3981":"h","3982":":","3983":" ","3984":"1","3985":"5","3986":"p","3987":"x","3988":";","3989":"\\","3990":"n","3991":" ","3992":" ","3993":" ","3994":" ","3995":"b","3996":"o","3997":"r","3998":"d","3999":"e","4000":"r","4001":"-","4002":"w","4003":"i","4004":"d","4005":"t","4006":"h","4007":":","4008":" ","4009":"0","4010":" ","4011":"0","4012":" ","4013":"4","4014":"p","4015":"x","4016":" ","4017":"4","4018":"p","4019":"x","4020":";","4021":"\\","4022":"n","4023":" ","4024":" ","4025":" ","4026":" ","4027":"b","4028":"o","4029":"r","4030":"d","4031":"e","4032":"r","4033":"-","4034":"c","4035":"o","4036":"l","4037":"o","4038":"r","4039":":","4040":" ","4041":"#","4042":"3","4043":"d","4044":"3","4045":"d","4046":"3","4047":"d","4048":";","4049":"\\","4050":"n","4051":" ","4052":" ","4053":" ","4054":" ","4055":"b","4056":"o","4057":"r","4058":"d","4059":"e","4060":"r","4061":"-","4062":"s","4063":"t","4064":"y","4065":"l","4066":"e","4067":":","4068":" ","4069":"s","4070":"o","4071":"l","4072":"i","4073":"d","4074":";","4075":"\\","4076":"n","4077":" ","4078":" ","4079":" ","4080":" ","4081":"b","4082":"o","4083":"r","4084":"d","4085":"e","4086":"r","4087":"-","4088":"r","4089":"a","4090":"d","4091":"i","4092":"u","4093":"s","4094":":","4095":" ","4096":"0","4097":" ","4098":"0","4099":" ","4100":"0","4101":" ","4102":"4","4103":"p","4104":"x","4105":";","4106":"\\","4107":"n","4108":" ","4109":" ","4110":" ","4111":" ","4112":"t","4113":"r","4114":"a","4115":"n","4116":"s","4117":"i","4118":"t","4119":"i","4120":"o","4121":"n","4122":":","4123":" ","4124":"t","4125":"r","4126":"a","4127":"n","4128":"s","4129":"f","4130":"o","4131":"r","4132":"m","4133":" ","4134":"0","4135":".","4136":"3","4137":"s","4138":" ","4139":"e","4140":"a","4141":"s","4142":"e","4143":";","4144":"\\","4145":"n","4146":" ","4147":" ","4148":"}","4149":"\\","4150":"n","4151":" ","4152":" ","4153":".","4154":"u","4155":"s","4156":"e","4157":"r","4158":"-","4159":"l","4160":"o","4161":"g","4162":"o","4163":" ","4164":"{","4165":"\\","4166":"n","4167":" ","4168":" ","4169":" ","4170":" ","4171":"w","4172":"i","4173":"d","4174":"t","4175":"h","4176":":","4177":" ","4178":"2","4179":"4","4180":"p","4181":"x","4182":";","4183":"\\","4184":"n","4185":" ","4186":" ","4187":" ","4188":" ","4189":"h","4190":"e","4191":"i","4192":"g","4193":"h","4194":"t","4195":":","4196":" ","4197":"2","4198":"4","4199":"p","4200":"x","4201":";","4202":"\\","4203":"n","4204":" ","4205":" ","4206":" ","4207":" ","4208":"b","4209":"o","4210":"r","4211":"d","4212":"e","4213":"r","4214":"-","4215":"r","4216":"a","4217":"d","4218":"i","4219":"u","4220":"s","4221":":","4222":" ","4223":"5","4224":"0","4225":"%","4226":";","4227":"\\","4228":"n","4229":" ","4230":" ","4231":"}","4232":"\\","4233":"n","4234":" ","4235":" ","4236":".","4237":"m","4238":"e","4239":"s","4240":"s","4241":"a","4242":"g","4243":"e","4244":"-","4245":"f","4246":"i","4247":"e","4248":"l","4249":"d","4250":"-","4251":"m","4252":"o","4253":"b","4254":"i","4255":"l","4256":"e","4257":" ","4258":"{","4259":"\\","4260":"n","4261":" ","4262":" ","4263":" ","4264":" ","4265":"m","4266":"i","4267":"n","4268":"-","4269":"w","4270":"i","4271":"d","4272":"t","4273":"h","4274":":","4275":" ","4276":"9","4277":"0","4278":"%","4279":";","4280":"\\","4281":"n","4282":" ","4283":" ","4284":"}","4285":"\\","4286":"n","4287":" ","4288":" ","4289":".","4290":"m","4291":"e","4292":"s","4293":"s","4294":"a","4295":"g","4296":"e","4297":"s","4298":"-","4299":"w","4300":"r","4301":"a","4302":"p","4303":"p","4304":"e","4305":"r","4306":"-","4307":"m","4308":"o","4309":"b","4310":"i","4311":"l","4312":"e","4313":" ","4314":"{","4315":"\\","4316":"n","4317":" ","4318":" ","4319":" ","4320":" ","4321":"m","4322":"i","4323":"n","4324":"-","4325":"w","4326":"i","4327":"d","4328":"t","4329":"h","4330":":","4331":" ","4332":"1","4333":"0","4334":"0","4335":"%","4336":";","4337":"\\","4338":"n","4339":" ","4340":" ","4341":"}","4342":"\\","4343":"n","4344":"<","4345":"/","4346":"s","4347":"t","4348":"y","4349":"l","4350":"e","4351":">","4352":"\"","4353":"]","4354":"}"}}
,"/Users/markeltskhadadze/Desktop/test/gpt-test/components/parts/ChatSideNav.vue": {"path":"/Users/markeltskhadadze/Desktop/test/gpt-test/components/parts/ChatSideNav.vue","statementMap":{"0":{"start":{"line":3,"column":0},"end":{"line":5,"column":3}},"1":{"start":{"line":6,"column":12},"end":{"line":6,"column":26}},"2":{"start":{"line":7,"column":21},"end":{"line":7,"column":53}},"3":{"start":{"line":8,"column":18},"end":{"line":8,"column":47}},"4":{"start":{"line":9,"column":0},"end":{"line":30,"column":3}},"5":{"start":{"line":16,"column":19},"end":{"line":16,"column":28}},"6":{"start":{"line":17,"column":4},"end":{"line":17,"column":15}},"7":{"start":{"line":18,"column":23},"end":{"line":18,"column":50}},"8":{"start":{"line":19,"column":22},"end":{"line":19,"column":63}},"9":{"start":{"line":20,"column":23},"end":{"line":23,"column":5}},"10":{"start":{"line":24,"column":4},"end":{"line":27,"column":7}},"11":{"start":{"line":28,"column":4},"end":{"line":28,"column":24}},"12":{"start":{"line":32,"column":20},"end":{"line":40,"column":1}},"13":{"start":{"line":33,"column":4},"end":{"line":38,"column":5}},"14":{"start":{"line":33,"column":40},"end":{"line":38,"column":5}},"15":{"start":{"line":33,"column":53},"end":{"line":33,"column":54}},"16":{"start":{"line":33,"column":60},"end":{"line":33,"column":71}},"17":{"start":{"line":34,"column":8},"end":{"line":37,"column":9}},"18":{"start":{"line":35,"column":12},"end":{"line":35,"column":65}},"19":{"start":{"line":35,"column":21},"end":{"line":35,"column":65}},"20":{"start":{"line":36,"column":12},"end":{"line":36,"column":28}},"21":{"start":{"line":39,"column":4},"end":{"line":39,"column":61}},"22":{"start":{"line":41,"column":0},"end":{"line":41,"column":62}},"23":{"start":{"line":42,"column":0},"end":{"line":42,"column":24}},"24":{"start":{"line":43,"column":12},"end":{"line":43,"column":26}},"25":{"start":{"line":44,"column":26},"end":{"line":44,"column":67}},"26":{"start":{"line":45,"column":17},"end":{"line":48,"column":1}},"27":{"start":{"line":49,"column":31},"end":{"line":49,"column":94}},"28":{"start":{"line":50,"column":17},"end":{"line":52,"column":1}},"29":{"start":{"line":53,"column":31},"end":{"line":57,"column":26}},"30":{"start":{"line":58,"column":31},"end":{"line":58,"column":101}},"31":{"start":{"line":59,"column":17},"end":{"line":62,"column":1}},"32":{"start":{"line":63,"column":17},"end":{"line":63,"column":39}},"33":{"start":{"line":64,"column":17},"end":{"line":64,"column":48}},"34":{"start":{"line":65,"column":17},"end":{"line":68,"column":1}},"35":{"start":{"line":69,"column":32},"end":{"line":69,"column":97}},"36":{"start":{"line":70,"column":18},"end":{"line":72,"column":1}},"37":{"start":{"line":74,"column":4},"end":{"line":108,"column":23}},"38":{"start":{"line":86,"column":31},"end":{"line":86,"column":33}},"39":{"start":{"line":87,"column":20},"end":{"line":89,"column":21}},"40":{"start":{"line":87,"column":34},"end":{"line":87,"column":35}},"41":{"start":{"line":88,"column":24},"end":{"line":88,"column":49}},"42":{"start":{"line":90,"column":20},"end":{"line":90,"column":127}},"43":{"start":{"line":95,"column":16},"end":{"line":105,"column":64}},"44":{"start":{"line":98,"column":53},"end":{"line":98,"column":105}},"45":{"start":{"line":99,"column":54},"end":{"line":99,"column":106}},"46":{"start":{"line":110,"column":0},"end":{"line":110,"column":24}},"47":{"start":{"line":111,"column":1},"end":{"line":111,"column":48}}},"fnMap":{"0":{"name":"setup","decl":{"start":{"line":15,"column":2},"end":{"line":15,"column":7}},"loc":{"start":{"line":15,"column":21},"end":{"line":29,"column":3}},"line":15},"1":{"name":"(anonymous_1)","decl":{"start":{"line":32,"column":52},"end":{"line":32,"column":53}},"loc":{"start":{"line":32,"column":78},"end":{"line":40,"column":1}},"line":32},"2":{"name":"render","decl":{"start":{"line":73,"column":9},"end":{"line":73,"column":15}},"loc":{"start":{"line":73,"column":63},"end":{"line":109,"column":1}},"line":73},"3":{"name":"(anonymous_3)","decl":{"start":{"line":84,"column":16},"end":{"line":84,"column":17}},"loc":{"start":{"line":84,"column":28},"end":{"line":91,"column":17}},"line":84},"4":{"name":"(anonymous_4)","decl":{"start":{"line":94,"column":146},"end":{"line":94,"column":147}},"loc":{"start":{"line":94,"column":169},"end":{"line":106,"column":13}},"line":94},"5":{"name":"(anonymous_5)","decl":{"start":{"line":98,"column":33},"end":{"line":98,"column":34}},"loc":{"start":{"line":98,"column":51},"end":{"line":98,"column":107}},"line":98},"6":{"name":"(anonymous_6)","decl":{"start":{"line":99,"column":34},"end":{"line":99,"column":35}},"loc":{"start":{"line":99,"column":52},"end":{"line":99,"column":108}},"line":99}},"branchMap":{"0":{"loc":{"start":{"line":32,"column":20},"end":{"line":40,"column":1}},"type":"binary-expr","locations":[{"start":{"line":32,"column":21},"end":{"line":32,"column":25}},{"start":{"line":32,"column":29},"end":{"line":32,"column":47}},{"start":{"line":32,"column":52},"end":{"line":40,"column":1}}],"line":32},"1":{"loc":{"start":{"line":33,"column":4},"end":{"line":38,"column":5}},"type":"if","locations":[{"start":{"line":33,"column":4},"end":{"line":38,"column":5}},{"start":{},"end":{}}],"line":33},"2":{"loc":{"start":{"line":33,"column":8},"end":{"line":33,"column":38}},"type":"binary-expr","locations":[{"start":{"line":33,"column":8},"end":{"line":33,"column":12}},{"start":{"line":33,"column":16},"end":{"line":33,"column":38}}],"line":33},"3":{"loc":{"start":{"line":34,"column":8},"end":{"line":37,"column":9}},"type":"if","locations":[{"start":{"line":34,"column":8},"end":{"line":37,"column":9}},{"start":{},"end":{}}],"line":34},"4":{"loc":{"start":{"line":34,"column":12},"end":{"line":34,"column":30}},"type":"binary-expr","locations":[{"start":{"line":34,"column":12},"end":{"line":34,"column":14}},{"start":{"line":34,"column":18},"end":{"line":34,"column":30}}],"line":34},"5":{"loc":{"start":{"line":35,"column":12},"end":{"line":35,"column":65}},"type":"if","locations":[{"start":{"line":35,"column":12},"end":{"line":35,"column":65}},{"start":{},"end":{}}],"line":35},"6":{"loc":{"start":{"line":39,"column":21},"end":{"line":39,"column":59}},"type":"binary-expr","locations":[{"start":{"line":39,"column":21},"end":{"line":39,"column":23}},{"start":{"line":39,"column":27},"end":{"line":39,"column":59}}],"line":39},"7":{"loc":{"start":{"line":77,"column":8},"end":{"line":79,"column":57}},"type":"cond-expr","locations":[{"start":{"line":78,"column":15},"end":{"line":78,"column":124}},{"start":{"line":79,"column":14},"end":{"line":79,"column":57}}],"line":77},"8":{"loc":{"start":{"line":82,"column":21},"end":{"line":91,"column":18}},"type":"binary-expr","locations":[{"start":{"line":82,"column":21},"end":{"line":82,"column":30}},{"start":{"line":82,"column":35},"end":{"line":91,"column":17}}],"line":82},"9":{"loc":{"start":{"line":90,"column":28},"end":{"line":90,"column":125}},"type":"binary-expr","locations":[{"start":{"line":90,"column":28},"end":{"line":90,"column":63}},{"start":{"line":90,"column":67},"end":{"line":90,"column":125}}],"line":90},"10":{"loc":{"start":{"line":102,"column":20},"end":{"line":104,"column":69}},"type":"cond-expr","locations":[{"start":{"line":103,"column":27},"end":{"line":103,"column":137}},{"start":{"line":104,"column":26},"end":{"line":104,"column":69}}],"line":102}},"s":{"0":0,"1":0,"2":0,"3":0,"4":0,"5":0,"6":0,"7":0,"8":0,"9":0,"10":0,"11":0,"12":0,"13":0,"14":0,"15":0,"16":0,"17":0,"18":0,"19":0,"20":0,"21":0,"22":0,"23":0,"24":0,"25":0,"26":0,"27":0,"28":0,"29":0,"30":0,"31":0,"32":0,"33":0,"34":0,"35":0,"36":0,"37":0,"38":0,"39":0,"40":0,"41":0,"42":0,"43":0,"44":0,"45":0,"46":0,"47":0},"f":{"0":0,"1":0,"2":0,"3":0,"4":0,"5":0,"6":0},"b":{"0":[0,0,0],"1":[0,0],"2":[0,0],"3":[0,0],"4":[0,0],"5":[0,0],"6":[0,0],"7":[0,0],"8":[0,0],"9":[0,0],"10":[0,0]},"inputSourceMap":{"0":"{","1":"\"","2":"v","3":"e","4":"r","5":"s","6":"i","7":"o","8":"n","9":"\"","10":":","11":"3","12":",","13":"\"","14":"s","15":"o","16":"u","17":"r","18":"c","19":"e","20":"s","21":"\"","22":":","23":"[","24":"\"","25":"/","26":"U","27":"s","28":"e","29":"r","30":"s","31":"/","32":"m","33":"a","34":"r","35":"k","36":"e","37":"l","38":"t","39":"s","40":"k","41":"h","42":"a","43":"d","44":"a","45":"d","46":"z","47":"e","48":"/","49":"D","50":"e","51":"s","52":"k","53":"t","54":"o","55":"p","56":"/","57":"t","58":"e","59":"s","60":"t","61":"/","62":"g","63":"p","64":"t","65":"-","66":"t","67":"e","68":"s","69":"t","70":"/","71":"c","72":"o","73":"m","74":"p","75":"o","76":"n","77":"e","78":"n","79":"t","80":"s","81":"/","82":"p","83":"a","84":"r","85":"t","86":"s","87":"/","88":"C","89":"h","90":"a","91":"t","92":"S","93":"i","94":"d","95":"e","96":"N","97":"a","98":"v","99":".","100":"v","101":"u","102":"e","103":"\"","104":"]","105":",","106":"\"","107":"n","108":"a","109":"m","110":"e","111":"s","112":"\"","113":":","114":"[","115":"]","116":",","117":"\"","118":"m","119":"a","120":"p","121":"p","122":"i","123":"n","124":"g","125":"s","126":"\"","127":":","128":"\"","129":";","130":";","131":";","132":";","133":";","134":";","135":"A","136":"A","137":"k","138":"C","139":"A","140":";","141":"A","142":"A","143":"C","144":"E","145":";","146":";","147":";","148":";","149":";","150":";","151":";","152":";","153":";","154":";","155":"I","156":"A","157":"E","158":"A","159":",","160":"I","161":"A","162":"A","163":"M","164":",","165":"Y","166":"A","167":"A","168":"Y","169":",","170":"G","171":"A","172":"A","173":"G","174":",","175":"w","176":"B","177":"A","178":"A","179":"Q","180":",","181":"G","182":"A","183":"A","184":"E","185":";","186":"I","187":"A","188":"C","189":"v","190":"B","191":",","192":"e","193":"A","194":"A","195":"W","196":",","197":"G","198":"A","199":"A","200":"K","201":",","202":"q","203":"B","204":"A","205":"A","206":"M","207":",","208":"C","209":"A","210":"A","211":"C","212":",","213":"K","214":"A","215":"A","216":"K","217":",","218":"E","219":"A","220":"A","221":"E","222":",","223":"Y","224":"A","225":"A","226":"n","227":"B","228":"\"","229":",","230":"\"","231":"f","232":"i","233":"l","234":"e","235":"\"","236":":","237":"\"","238":"/","239":"U","240":"s","241":"e","242":"r","243":"s","244":"/","245":"m","246":"a","247":"r","248":"k","249":"e","250":"l","251":"t","252":"s","253":"k","254":"h","255":"a","256":"d","257":"a","258":"d","259":"z","260":"e","261":"/","262":"D","263":"e","264":"s","265":"k","266":"t","267":"o","268":"p","269":"/","270":"t","271":"e","272":"s","273":"t","274":"/","275":"g","276":"p","277":"t","278":"-","279":"t","280":"e","281":"s","282":"t","283":"/","284":"c","285":"o","286":"m","287":"p","288":"o","289":"n","290":"e","291":"n","292":"t","293":"s","294":"/","295":"p","296":"a","297":"r","298":"t","299":"s","300":"/","301":"C","302":"h","303":"a","304":"t","305":"S","306":"i","307":"d","308":"e","309":"N","310":"a","311":"v","312":".","313":"v","314":"u","315":"e","316":"\"","317":",","318":"\"","319":"s","320":"o","321":"u","322":"r","323":"c","324":"e","325":"s","326":"C","327":"o","328":"n","329":"t","330":"e","331":"n","332":"t","333":"\"","334":":","335":"[","336":"\"","337":"<","338":"t","339":"e","340":"m","341":"p","342":"l","343":"a","344":"t","345":"e","346":">","347":"\\","348":"n","349":" ","350":"<","351":"d","352":"i","353":"v","354":" ","355":":","356":"c","357":"l","358":"a","359":"s","360":"s","361":"=","362":"\\","363":"\"","364":"{","365":" ","366":"'","367":"m","368":"o","369":"b","370":"i","371":"l","372":"e","373":"-","374":"s","375":"i","376":"d","377":"e","378":"-","379":"n","380":"a","381":"v","382":"'","383":":","384":" ","385":"!","386":"c","387":"h","388":"e","389":"c","390":"k","391":"S","392":"c","393":"r","394":"e","395":"e","396":"n","397":" ","398":"}","399":"\\","400":"\"","401":" ","402":"c","403":"l","404":"a","405":"s","406":"s","407":"=","408":"\\","409":"\"","410":"s","411":"i","412":"d","413":"e","414":"-","415":"n","416":"a","417":"v","418":"-","419":"c","420":"o","421":"n","422":"t","423":"a","424":"i","425":"n","426":"e","427":"r","428":"\\","429":"\"","430":">","431":"\\","432":"n","433":" ","434":" ","435":" ","436":"<","437":"d","438":"i","439":"v","440":" ","441":"v","442":"-","443":"i","444":"f","445":"=","446":"\\","447":"\"","448":"!","449":"c","450":"h","451":"e","452":"c","453":"k","454":"S","455":"c","456":"r","457":"e","458":"e","459":"n","460":"\\","461":"\"","462":" ","463":"c","464":"l","465":"a","466":"s","467":"s","468":"=","469":"\\","470":"\"","471":"c","472":"l","473":"o","474":"s","475":"e","476":"-","477":"s","478":"i","479":"d","480":"e","481":"-","482":"n","483":"a","484":"v","485":"\\","486":"\"","487":">","488":"\\","489":"n","490":" ","491":" ","492":" ","493":" ","494":" ","495":"<","496":"p","497":">","498":"x","499":"<","500":"/","501":"p","50
[...]
1612":" ","1613":" ","1614":" ","1615":"f","1616":"o","1617":"n","1618":"t","1619":"-","1620":"s","1621":"i","1622":"z","1623":"e","1624":":","1625":" ","1626":"1","1627":"4","1628":"p","1629":"x","1630":";","1631":"\\","1632":"n","1633":" ","1634":" ","1635":" ","1636":" ","1637":"c","1638":"o","1639":"l","1640":"o","1641":"r","1642":":","1643":" ","1644":"#","1645":"e","1646":"c","1647":"e","1648":"c","1649":"e","1650":"c","1651":";","1652":"\\","1653":"n","1654":" ","1655":" ","1656":" ","1657":" ","1658":"t","1659":"e","1660":"x","1661":"t","1662":"-","1663":"o","1664":"v","1665":"e","1666":"r","1667":"f","1668":"l","1669":"o","1670":"w","1671":":","1672":" ","1673":"e","1674":"l","1675":"l","1676":"i","1677":"p","1678":"s","1679":"i","1680":"s","1681":";","1682":"\\","1683":"n","1684":" ","1685":" ","1686":" ","1687":" ","1688":"o","1689":"v","1690":"e","1691":"r","1692":"f","1693":"l","1694":"o","1695":"w","1696":":","1697":" ","1698":"h","1699":"i","1700":"d","1701":"d","1702":"e","1703":"n","1704":";","1705":"\\","1706":"n","1707":" ","1708":" ","1709":" ","1710":" ","1711":"w","1712":"h","1713":"i","1714":"t","1715":"e","1716":"-","1717":"s","1718":"p","1719":"a","1720":"c","1721":"e","1722":":","1723":" ","1724":"n","1725":"o","1726":"w","1727":"r","1728":"a","1729":"p","1730":";","1731":"\\","1732":"n","1733":" ","1734":" ","1735":" ","1736":" ","1737":"m","1738":"a","1739":"x","1740":"-","1741":"w","1742":"i","1743":"d","1744":"t","1745":"h","1746":":","1747":" ","1748":"9","1749":"5","1750":"%","1751":";","1752":"\\","1753":"n","1754":" ","1755":" ","1756":"}","1757":"\\","1758":"n","1759":" ","1760":" ","1761":".","1762":"l","1763":"o","1764":"g","1765":"o","1766":" ","1767":"{","1768":"\\","1769":"n","1770":" ","1771":" ","1772":" ","1773":" ","1774":"m","1775":"a","1776":"x","1777":"-","1778":"w","1779":"i","1780":"d","1781":"t","1782":"h","1783":":","1784":" ","1785":"4","1786":"8","1787":"p","1788":"x","1789":";","1790":"\\","1791":"n","1792":" ","1793":" ","1794":" ","1795":" ","1796":"m","1797":"a","1798":"x","1799":"-","1800":"h","1801":"e","1802":"i","1803":"g","1804":"h","1805":"t","1806":":","1807":" ","1808":"4","1809":"8","1810":"p","1811":"x","1812":";","1813":"\\","1814":"n","1815":" ","1816":" ","1817":" ","1818":" ","1819":"b","1820":"o","1821":"r","1822":"d","1823":"e","1824":"r","1825":"-","1826":"r","1827":"a","1828":"d","1829":"i","1830":"u","1831":"s","1832":":","1833":" ","1834":"5","1835":"0","1836":"%","1837":";","1838":"\\","1839":"n","1840":" ","1841":" ","1842":"}","1843":"\\","1844":"n","1845":"<","1846":"/","1847":"s","1848":"t","1849":"y","1850":"l","1851":"e","1852":">","1853":"\"","1854":"]","1855":"}"}}
,"/Users/markeltskhadadze/Desktop/test/gpt-test/components/parts/MessageHeader.vue": {"path":"/Users/markeltskhadadze/Desktop/test/gpt-test/components/parts/MessageHeader.vue","statementMap":{"0":{"start":{"line":9,"column":4},"end":{"line":9,"column":15}},"1":{"start":{"line":15,"column":23},"end":{"line":15,"column":37}},"2":{"start":{"line":16,"column":23},"end":{"line":25,"column":5}},"3":{"start":{"line":20,"column":8},"end":{"line":20,"column":22}},"4":{"start":{"line":23,"column":8},"end":{"line":23,"column":28}},"5":{"start":{"line":26,"column":4},"end":{"line":29,"column":7}},"6":{"start":{"line":30,"column":4},"end":{"line":30,"column":24}},"7":{"start":{"line":34,"column":0},"end":{"line":34,"column":62}},"8":{"start":{"line":35,"column":0},"end":{"line":35,"column":24}},"9":{"start":{"line":36,"column":12},"end":{"line":36,"column":26}},"10":{"start":{"line":37,"column":24},"end":{"line":37,"column":63}},"11":{"start":{"line":38,"column":17},"end":{"line":38,"column":44}},"12":{"start":{"line":39,"column":31},"end":{"line":39,"column":100}},"13":{"start":{"line":40,"column":31},"end":{"line":44,"column":26}},"14":{"start":{"line":46,"column":4},"end":{"line":55,"column":8}},"15":{"start":{"line":50,"column":71},"end":{"line":50,"column":159}},"16":{"start":{"line":57,"column":0},"end":{"line":57,"column":24}},"17":{"start":{"line":58,"column":1},"end":{"line":58,"column":48}}},"fnMap":{"0":{"name":"setup","decl":{"start":{"line":6,"column":18},"end":{"line":6,"column":23}},"loc":{"start":{"line":6,"column":39},"end":{"line":31,"column":3}},"line":6},"1":{"name":"(anonymous_1)","decl":{"start":{"line":19,"column":6},"end":{"line":19,"column":7}},"loc":{"start":{"line":19,"column":19},"end":{"line":21,"column":7}},"line":19},"2":{"name":"(anonymous_2)","decl":{"start":{"line":22,"column":6},"end":{"line":22,"column":7}},"loc":{"start":{"line":22,"column":25},"end":{"line":24,"column":7}},"line":22},"3":{"name":"render","decl":{"start":{"line":45,"column":9},"end":{"line":45,"column":15}},"loc":{"start":{"line":45,"column":63},"end":{"line":56,"column":1}},"line":45},"4":{"name":"(anonymous_4)","decl":{"start":{"line":50,"column":51},"end":{"line":50,"column":52}},"loc":{"start":{"line":50,"column":69},"end":{"line":50,"column":161}},"line":50}},"branchMap":{"0":{"loc":{"start":{"line":47,"column":8},"end":{"line":52,"column":57}},"type":"cond-expr","locations":[{"start":{"line":48,"column":15},"end":{"line":51,"column":25}},{"start":{"line":52,"column":14},"end":{"line":52,"column":57}}],"line":47},"1":{"loc":{"start":{"line":50,"column":25},"end":{"line":50,"column":162}},"type":"binary-expr","locations":[{"start":{"line":50,"column":25},"end":{"line":50,"column":34}},{"start":{"line":50,"column":39},"end":{"line":50,"column":161}}],"line":50}},"s":{"0":0,"1":0,"2":0,"3":0,"4":0,"5":0,"6":0,"7":0,"8":0,"9":0,"10":0,"11":0,"12":0,"13":0,"14":0,"15":0,"16":0,"17":0},"f":{"0":0,"1":0,"2":0,"3":0,"4":0},"b":{"0":[0,0],"1":[0,0]},"inputSourceMap":{"0":"{","1":"\"","2":"v","3":"e","4":"r","5":"s","6":"i","7":"o","8":"n","9":"\"","10":":","11":"3","12":",","13":"\"","14":"s","15":"o","16":"u","17":"r","18":"c","19":"e","20":"s","21":"\"","22":":","23":"[","24":"\"","25":"/","26":"U","27":"s","28":"e","29":"r","30":"s","31":"/","32":"m","33":"a","34":"r","35":"k","36":"e","37":"l","38":"t","39":"s","40":"k","41":"h","42":"a","43":"d","44":"a","45":"d","46":"z","47":"e","48":"/","49":"D","50":"e","51":"s","52":"k","53":"t","54":"o","55":"p","56":"/","57":"t","58":"e","59":"s","60":"t","61":"/","62":"g","63":"p","64":"t","65":"-","66":"t","67":"e","68":"s","69":"t","70":"/","71":"c","72":"o","73":"m","74":"p","75":"o","76":"n","77":"e","78":"n","79":"t","80":"s","81":"/","82":"p","83":"a","84":"r","85":"t","86":"s","87":"/","88":"M","89":"e","90":"s","91":"s","92":"a","93":"g","94":"e","95":"H","96":"e","97":"a","98":"d","99":"e","100":"r","101":".","102":"v","103":"u","104":"e","105":"\"","106":"]","107":",","108":"\"","109":"n","110":"a","111":"m","112":"e","113":"s","114":"\"","115":":","116":"[","117":"]","118":",","119":"\"","120":"m","121":"a","122":"p","123":"p","124":"i","125":"n","126":"g","127":"s","128":"\"","129":":","130":"\"","131":"A","132":"A","133":"k","134":"B","135":"A","136":",","137":"S","138":"A","139":"A","140":"S","141":",","142":"M","143":"A","144":"A","145":"M","146":",","147":"Q","148":"A","149":"A","150":"Q","151":",","152":"u","153":"B","154":"A","155":"A","156":"u","157":"B","158":";","159":"A","160":"A","161":"C","162":"5","163":"C","164":",","165":"S","166":"A","167":"A","168":"S","169":",","170":"Y","171":"A","172":"A","173":"Y","174":",","175":"Q","176":"A","177":"A","178":"Q","179":",","180":"m","181":"B","182":"A","183":"A","184":"m","185":"B","186":";","187":";","188":";","189":";","190":";","191":";","192":";","193":";","194":"I","195":"A","196":"E","197":"h","198":"D","199":";","200":"M","201":"A","202":"A","203":"A","204":";","205":"M","206":"A","207":"A","208":"A","209":",","210":"g","211":"B","212":"A","213":"A","214":"w","215":"B","216":",","217":"M","218":"A","219":"A","220":"M","221":",","222":"C","223":"A","224":"A","225":"C","226":",","227":"K","228":"A","229":"A","230":"K","231":",","232":"C","233":"A","234":"A","235":"C","236":",","237":"C","238":"A","239":"A","240":"C","241":";","242":"M","243":"A","244":"A","245":"A","246":";","247":"M","248":"A","249":"A","250":"9","251":"B","252":",","253":"W","254":"A","255":"A","256":"W","257":",","258":"i","259":"B","260":"A","261":"A","262":"X","263":",","264":"W","265":"A","266":"A","267":"W","268":";","269":"I","270":"A","271":"C","272":"n","273":"B","274":",","275":"I","276":"A","277":"A","278":"M","279":",","280":"Y","281":"A","282":"A","283":"Y","284":",","285":"G","286":"A","287":"A","288":"G","289":",","290":"Y","291":"A","292":"A","293":"Y","294":",","295":"C","296":"A","297":"A","298":"C","299":",","300":"C","301":"A","302":"A","303":"C","304":"\"","305":",","306":"\"","307":"f","308":"i","309":"l","310":"e","311":"\"","312":":","313":"\"","314":"/","315":"U","316":"s","317":"e","318":"r","319":"s","320":"/","321":"m","322":"a","323":"r","324":"k","325":"e","326":"l","327":"t","328":"s","329":"k","330":"h","331":"a","332":"d","333":"a","334":"d","335":"z","336":"e","337":"/","338":"D","339":"e","340":"s","341":"k","342":"t","343":"o","344":"p","345":"/","346":"t","347":"e","348":"s","349":"t","350":"/","351":"g","352":"p","353":"t","354":"-","355":"t","356":"e","357":"s","358":"t","359":"/","360":"c","361":"o","362":"m","363":"p","364":"o","365":"n","366":"e","367":"n","368":"t","369":"s","370":"/","371":"p","372":"a","373":"r","374":"t","375":"s","376":"/","377":"M","378":"e","379":"s","380":"s","381":"a","382":"g","383":"e","384":"H","385":"e","386":"a","387":"d","388":"e","389":"r","390":".","391":"v","392":"u","393":"e","394":"\"","395":",","396":"\"","397":"s","398":"o","399":"u","400":"r","401":"c","402":"e","403":"s","404":"C","405":"o","406":"n","407":"t","408":"e","409":"n","410":"t","411":"\"","412":":","413":"[","414":"\"","415":"<","416":"t","417":"e","418":"m","419":"p","420":"l","421":"a","422":"t","423":"e","424":">","425":"\\","426":"n","427":" ","428":" ","429":"<","430":"d","431":"i","432":"v","433":" ","434":"c","435":"l","436":"a","437":"s","438":"s","439":"=","440":"\\","441":"\"","442":"m","443":"e","444":"s","445":"s","446":"a","447":"g","448":"e","449":"-","450":"h","451":"e","452":"a","453":"d","454":"e","455":"r","456":"\\","457":"\"","458":">","459":"\\","460":"n","461":" ","462":" ","463":" ","464":" ","465":"<","466":"p","467":"\\","468":"n","469":" ","470":" ","471":" ","472":" ","473":" ","474":" ","475":" ","476":" ","477":"v","478":"-","479":"i","480":"f","481":"=","482":"\\","483":"\"","484":"!","485":"c","486":"h","487":"e","488":"c","489":"k","490":"S","491":"c","492":"r","493":"e","494":"e","495":"n","496":"\\","497":"\"","498":"\\","499":"n","500":" ","501":" ","502":" ","503":" ","504":" ","505":" ","506":" ","507":" ","508":"@","509":"c","510":"l","511":"i","512":"c","513":"k","514":"=","515":"\\","516":"\"","517":"u","518":"s","519":"e","520":"r","521":"M","522":"e","523":"s","524":"s","525":"a","526":"g","527":"e","528":"s","529":".","530":"s","531":"h","532":"o","533":"w","534":"M","535":"o","536":"b","537":"i","538":"l","539":"e","540":"S","541":"i","542":"d","543":"e","544":"N","545":"a","546":"v","547":" ","548":"=","549":" ","550":"!","551":"u","552":"s","553":"e","554":"r","555":"M","556":"e","557":"s","558":"s","559":"a","560":"g","561":"e","562":"s","563":".","564":"s","565":"h","566":"o","567":"w","568":"M","569":"o","570":"b","571":"i","572":"l","573":"e","574":"S","575":"i","576":"d","577":"e","578":"N","579":"a","580":"v","581":"\\","582":"\"","583":"\\","584":"n","585":" ","586":" ","587":" ","588":" ","589":">","590":"\\","591":"n","592":" ","593":" ","594":" ","595":" ","596":" ","597":" ","598":"C","599":"l","600":"i","601":"c","602":"k","603":"\\","604":"n","605":" ","606":" ","607":" ","608":" ","609":"<","610":"/","611":"p","612":">","613":"\\","614":"n","615":" ","616":" ","617":" ","618":" ","619":"<","620":"p","621":">","622":"C","623":"h","624":"a","625":"t","626":"G","627":"P","628":"T","629":"<","630":"/","631":"p","632":">","633":"\\","634":"n","635":" ","636":" ","637":" ","638":" ","639":"<","640":"i","641":"m","642":"g","643":"\\","644":"n","645":" ","646":" ","647":" ","648":" ","649":" ","650":" ","651":" ","652":" ","653":"s","654":"r","655":"c","656":"=","657":"\\","658":"\"","659":".","660":".","661":"/","662":".","663":".","664":"/","665":"p","666":"u","667":"b","668":"l","669":"i","670":"c","671":"/","672":"u","673":"p","674":"l","675":"o","676":"a","677":"d","678":"-","679":"i","680":"c","681":"o","682":"n","683":".","684":"p","685":"n","686":"g","687":"\\","688":"\"","689":"\\","690":"n","691":" ","692":" ","693":" ","694":" ","695":" ","696":" ","697":" ","698":" ","699":"a","700":"l","701":"t","702":"=","703":"\\","704":"\"","705":"u","706":"p","707":"l","708":"o","709":"a","710":"d","711":"-","712":"i","713":"m","714":"a","715":"g","716":"e","717":"\\","718":"\"","719":"\\","720":"n","721":" ","722":" ","723":" ","724":" ","725":" ","726":" ","727":" ","728":" ","729":"c","730":"l","731":"a","732":"s","733":"s","734":"=","735":"\\","736":"\"","737":"u","738":"p","739":"l","740":"o","741":"a","742":"d","743":"-","744":"i","745":"m","746":"a","747":"g","748":"e","749":"\\","750":"\"","751":"\\","752":"n","753":" ","754":" ","755":" ","756":" ","757":"/","758":">","759":"\\","760":"n","761":" ","762":" ","763":"<","764":"/","765":"d","766":"i","767":"v","768":">","769":"\\","770":"n","771":"<","772":"/","773":"t","774":"e","775":"m","776":"p","777":"l","778":"a","779":"t","780":"e","781":">","782":"\\","783":"n","784":"\\","785":"n","786":"<","787":"s","788":"c","789":"r","790":"i","791":"p","792":"t","793":" ","794":"s","795":"e","796":"t","797":"u","798":"p","799":">","800":"\\","801":"n","802":" ","803":" ","804":"i","805":"m","806":"p","807":"o","808":"r","809":"t","810":" ","811":"{","812":" ","813":"s","814":"c","815":"r","816":"e","817":"e","818":"n","819":" ","820":"}","821":" ","822":"f","823":"r","824":"o","825":"m","826":" ","827":"'","828":"~","829":"/","830":"m","831":"i","832":"x","833":"i","834":"n","835":"s","836":"/","837":"c","838":"h","839":"e","840":"c","841":"k","842":"-","843":"s","844":"c","845":"r","846":"e","847":"e","848":"n","849":"'","850":"\\","851":"n","852":" ","853":" ","854":"i","855":"m","856":"p","857":"o","858":"r","859":"t","860":" ","861":"{","862":" ","863":"c","864":"h","865":"a","866":"t","867":"M","868":"e","869":"s","870":"s","871":"a","872":"g","873":"e","874":"s","875":" ","876":"}","877":" ","878":"f","879":"r","880":"o","881":"m","882":" ","883":"'","884":"~","885":"/","886":"s","887":"t","888":"o","889":"r","890":"e","891":"s","892":"/","893":"m","894":"e","895":"s","896":"s","897":"a","898":"g","899":"e","900":"s","901":"'","902":"\\","903":"n","904":"\\","905":"n","906":" ","907":" ","908":"c","909":"o","910":"n","911":"s","912":"t","913":" ","914":"{","915":" ","916":"c","917":"h","918":"e","919":"c","920":"k","921":"S","922":"c","923":"r","924":"e","925":"e","926":"n","927":" ","928":"}","929":" ","930":"=","931":" ","932":"s","933":"c","934":"r","935":"e","936":"e","937":"n","938":".","939":"s","940":"e","941":"t","942":"u","943":"p","944":"(","945":")","946":"\\","947":"n","948":" ","949":" ","950":"c","951":"o","952":"n","953":"s","954":"t","955":" ","956":"u","957":"s","958":"e","959":"r","960":"M","961":"e","962":"s","963":"s","964":"a","965":"g","966":"e","967":"s","968":" ","969":"=","970":" ","971":"c","972":"h","973":"a","974":"t","975":"M","976":"e","977":"s","978":"s","979":"a","980":"g","981":"e","982":"s","983":"(","984":")","985":"\\","986":"n","987":"<","988":"/","989":"s","990":"c","991":"r","992":"i","993":"p","994":"t","995":">","996":"\\","997":"n","998":"\\","999":"n","1000":"<","1001":"s","1002":"t","1003":"y","1004":"l","1005":"e","1006":" ","1007":"s","1008":"c","1009":"o","1010":"p","1011":"e","1012":"d","1013":">","1014":"\\","1015":"n","1016":" ","1017":" ","1018":".","1019":"m","1020":"e","1021":"s","1022":"s","1023":"a","1024":"g","1025":"e","1026":"-","1027":"h","1028":"e","1029":"a","1030":"d","1031":"e","1032":"r","1033":" ","1034":"{","1035":"\\","1036":"n","1037":" ","1038":" ","1039":" ","1040":" ","1041":"p","1042":"o","1043":"s","1044":"i","1045":"t","1046":"i","1047":"o","1048":"n","1049":":","1050":" ","1051":"f","1052":"i","1053":"x","1054":"e","1055":"d","1056":";","1057":"\\","1058":"n","1059":" ","1060":" ","1061":" ","1062":" ","1063":"d","1064":"i","1065":"s","1066":"p","1067":"l","1068":"a","1069":"y","1070":":","1071":" ","1072":"f","1073":"l","1074":"e","1075":"x","1076":";","1077":"\\","1078":"n","1079":" ","1080":" ","1081":" ","1082":" ","1083":"j","1084":"u","1085":"s","1086":"t","1087":"i","1088":"f","1089":"y","1090":"-","1091":"c","1092":"o","1093":"n","1094":"t","1095":"e","1096":"n","1097":"t","1098":":","1099":" ","1100":"s","1101":"p","1102":"a","1103":"c","1104":"e","1105":"-","1106":"b","1107":"e","1108":"t","1109":"w","1110":"e","1111":"e","1112":"n","1113":";","1114":"\\","1115":"n","1116":" ","1117":" ","1118":" ","1119":" ","1120":"a","1121":"l","1122":"i","1123":"g","1124":"n","1125":"-","1126":"i","1127":"t","1128":"e","1129":"m","1130":"s","1131":":","1132":" ","1133":"c","1134":"e","1135":"n","1136":"t","1137":"e","1138":"r","1139":";","1140":"\\","1141":"n","1142":" ","1143":" ","1144":" ","1145":" ","1146":"h","1147":"e","1148":"i","1149":"g","1150":"h","1151":"t","1152":":","1153":" ","1154":"5","1155":"0","1156":"p","1157":"x","1158":";","1159":"\\","1160":"n","1161":" ","1162":" ","1163":" ","1164":" ","1165":"w","1166":"i","1167":"d","1168":"t","1169":"h","1170":":","1171":" ","1172":"-","1173":"w","1174":"e","1175":"b","1176":"k","1177":"i","1178":"t","1179":"-","1180":"f","1181":"i","1182":"l","1183":"l","1184":"-","1185":"a","1186":"v","1187":"a","1188":"i","1189":"l","1190":"a","1191":"b","1192":"l","1193":"e","1194":";","1195":"\\","1196":"n","1197":" ","1198":" ","1199":" ","1200":" ","1201":"p","1202":"a","1203":"d","1204":"d","1205":"i","1206":"n","1207":"g","1208":":","1209":" ","1210":"2","1211":"0","1212":"p","1213":"x","1214":" ","1215":"1","1216":"5","1217":"p","1218":"x","1219":";","1220":"\\","1221":"n","1222":" ","1223":" ","1224":"}","1225":"\\","1226":"n","1227":" ","1228":" ","1229":".","1230":"m","1231":"e","1232":"s","1233":"s","1234":"a","1235":"g","1236":"e","1237":"-","1238":"h","1239":"e","1240":"a","1241":"d","1242":"e","1243":"r","1244":" ","1245":"p","1246":" ","1247":"{","1248":"\\","1249":"n","1250":" ","1251":" ","1252":" ","1253":" ","1254":"f","1255":"o","1256":"n","1257":"t","1258":"-","1259":"s","1260":"i","1261":"z","1262":"e","1263":":","1264":" ","1265":"1","1266":"8","1267":"p","1268":"x","1269":";","1270":"\\","1271":"n","1272":" ","1273":" ","1274":" ","1275":" ","1276":"c","1277":"o","1278":"l","1279":"o","1280":"r","1281":":","1282":" ","1283":"#","1284":"f","1285":"f","1286":"f","1287":"f","1288":"f","1289":"f","1290":"f","1291":"f","1292":";","1293":"\\","1294":"n","1295":" ","1296":" ","1297":"}","1298":"\\","1299":"n","1300":" ","1301":" ","1302":".","1303":"u","1304":"p","1305":"l","1306":"o","1307":"a","1308":"d","1309":"-","1310":"i","1311":"m","1312":"a","1313":"g","1314":"e","1315":" ","1316":"{","1317":"\\","1318":"n","1319":" ","1320":" ","1321":" ","1322":" ","1323":"w","1324":"i","1325":"d","1326":"t","1327":"h","1328":":","1329":" ","1330":"1","1331":"8","1332":"p","1333":"x","1334":";","1335":"\\","1336":"n","1337":" ","1338":" ","1339":" ","1340":" ","1341":"h","1342":"e","1343":"i","1344":"g","1345":"h","1346":"t","1347":":","1348":" ","1349":"1","1350":"8","1351":"p","1352":"x","1353":";","1354":"\\","1355":"n","1356":" ","1357":" ","1358":" ","1359":" ","1360":"p","1361":"a","1362":"d","1363":"d","1364":"i","1365":"n","1366":"g","1367":":","1368":" ","1369":"1","1370":"5","1371":"p","1372":"x","1373":";","1374":"\\","1375":"n","1376":" ","1377":" ","1378":"}","1379":"\\","1380":"n","1381":"<","1382":"/","1383":"s","1384":"t","1385":"y","1386":"l","1387":"e","1388":">","1389":"\"","1390":"]","1391":"}"}}
}
